This file contains any messages produced by compilers while
running configure, to aid debugging if configure makes a mistake.

It was created by openocd configure 0.10.0+dev, which was
generated by GNU Autoconf 2.69.  Invocation command line was

  $ /Host/Work/openocd/openocd.git/configure --build=x86_64-linux-gnu --host=i686-w64-mingw32 --prefix=/tmp/install/win32/openocd --datarootdir=/tmp/install/win32 --infodir=/tmp/install/win32/openocd/info --localedir=/tmp/install/win32/openocd/locale --mandir=/tmp/install/win32/openocd/man --docdir=/tmp/install/win32/openocd/doc --disable-wextra --disable-werror --enable-dependency-tracking --enable-branding=GNU MCU Eclipse --enable-aice --enable-amtjtagaccel --enable-armjtagew --enable-at91rm9200 --enable-bcm2835gpio --disable-buspirate --enable-cmsis-dap --enable-dummy --enable-ep93xx --enable-ftdi --enable-gw16012 --disable-ioutil --enable-jlink --enable-jtag_vpi --disable-minidriver-dummy --disable-oocd_trace --enable-opendous --enable-openjtag --enable-osbdm --enable-parport --disable-parport-ppdev --enable-parport-giveio --enable-presto --enable-remote-bitbang --enable-riscv --enable-rlink --enable-stlink --disable-sysfsgpio --enable-ti-icdi --enable-ulink --enable-usb_blaster --enable-usb-blaster-2 --enable-usbprog --enable-vsllink --disable-zy1000-master --disable-zy1000

## --------- ##
## Platform. ##
## --------- ##

hostname = docker
uname -m = x86_64
uname -r = 4.9.44-linuxkit-aufs
uname -s = Linux
uname -v = #1 SMP Fri Aug 25 10:00:41 UTC 2017

/usr/bin/uname -p = unknown
/bin/uname -X     = unknown

/bin/arch              = x86_64
/usr/bin/arch -k       = unknown
/usr/convex/getsysinfo = unknown
/usr/bin/hostinfo      = unknown
/bin/machine           = unknown
/usr/bin/oslevel       = unknown
/bin/universe          = unknown

PATH: /usr/local/sbin
PATH: /usr/local/bin
PATH: /usr/sbin
PATH: /usr/bin
PATH: /sbin
PATH: /bin


## ----------- ##
## Core tests. ##
## ----------- ##

configure:2582: checking for makeinfo
configure:2598: found /usr/bin/makeinfo
configure:2609: result: makeinfo
configure:2671: checking for a BSD-compatible install
configure:2739: result: /usr/bin/install -c
configure:2750: checking whether build environment is sane
configure:2805: result: yes
configure:2864: checking for i686-w64-mingw32-strip
configure:2880: found /usr/bin/i686-w64-mingw32-strip
configure:2891: result: i686-w64-mingw32-strip
configure:2956: checking for a thread-safe mkdir -p
configure:2995: result: /usr/bin/mkdir -p
configure:3002: checking for gawk
configure:3032: result: no
configure:3002: checking for mawk
configure:3018: found /usr/bin/mawk
configure:3029: result: mawk
configure:3040: checking whether make sets $(MAKE)
configure:3062: result: yes
configure:3091: checking whether make supports nested variables
configure:3108: result: yes
configure:3253: checking for i686-w64-mingw32-gcc
configure:3269: found /usr/bin/i686-w64-mingw32-gcc
configure:3280: result: i686-w64-mingw32-gcc
configure:3549: checking for C compiler version
configure:3558: i686-w64-mingw32-gcc --version >&5
i686-w64-mingw32-gcc (GCC) 6.3.0 20170516
Copyright (C) 2016 Free Software Foundation, Inc.
This is free software; see the source for copying conditions.  There is NO
warranty; not even for MERCHANTABILITY or FITNESS FOR A PARTICULAR PURPOSE.

configure:3569: $? = 0
configure:3558: i686-w64-mingw32-gcc -v >&5
Using built-in specs.
COLLECT_GCC=i686-w64-mingw32-gcc
COLLECT_LTO_WRAPPER=/usr/lib/gcc/i686-w64-mingw32/6.3-win32/lto-wrapper
Target: i686-w64-mingw32
Configured with: ../../src/configure --build=x86_64-linux-gnu --prefix=/usr --includedir='/usr/include' --mandir='/usr/share/man' --infodir='/usr/share/info' --sysconfdir=/etc --localstatedir=/var --disable-silent-rules --libdir='/usr/lib/x86_64-linux-gnu' --libexecdir='/usr/lib/x86_64-linux-gnu' --disable-maintainer-mode --disable-dependency-tracking --prefix=/usr --enable-shared --enable-static --disable-multilib --with-system-zlib --libexecdir=/usr/lib --without-included-gettext --libdir=/usr/lib --enable-libstdcxx-time=yes --with-tune=generic --enable-version-specific-runtime-libs --enable-fully-dynamic-string --enable-libgomp --enable-languages=c,c++,fortran,objc,obj-c++ --enable-lto --with-plugin-ld --enable-threads=win32 --program-suffix=-win32 --program-prefix=i686-w64-mingw32- --target=i686-w64-mingw32 --with-as=/usr/bin/i686-w64-mingw32-as --with-ld=/usr/bin/i686-w64-mingw32-ld --enable-libatomic
Thread model: win32
gcc version 6.3.0 20170516 (GCC) 
configure:3569: $? = 0
configure:3558: i686-w64-mingw32-gcc -V >&5
i686-w64-mingw32-gcc: error: unrecognized command line option '-V'
i686-w64-mingw32-gcc: fatal error: no input files
compilation terminated.
configure:3569: $? = 1
configure:3558: i686-w64-mingw32-gcc -qversion >&5
i686-w64-mingw32-gcc: error: unrecognized command line option '-qversion'; did you mean '--version'?
i686-w64-mingw32-gcc: fatal error: no input files
compilation terminated.
configure:3569: $? = 1
configure:3589: checking whether the C compiler works
configure:3611: i686-w64-mingw32-gcc  -Werror -m32 -pipe  conftest.c  >&5
configure:3615: $? = 0
configure:3663: result: yes
configure:3666: checking for C compiler default output file name
configure:3668: result: a.exe
configure:3674: checking for suffix of executables
configure:3681: i686-w64-mingw32-gcc -o conftest.exe  -Werror -m32 -pipe  conftest.c  >&5
configure:3685: $? = 0
configure:3707: result: .exe
configure:3729: checking whether we are cross compiling
configure:3767: result: yes
configure:3772: checking for suffix of object files
configure:3794: i686-w64-mingw32-gcc -c  -Werror -m32 -pipe conftest.c >&5
configure:3798: $? = 0
configure:3819: result: o
configure:3823: checking whether we are using the GNU C compiler
configure:3842: i686-w64-mingw32-gcc -c  -Werror -m32 -pipe conftest.c >&5
configure:3842: $? = 0
configure:3851: result: yes
configure:3860: checking whether i686-w64-mingw32-gcc accepts -g
configure:3880: i686-w64-mingw32-gcc -c -g -Werror -m32 -pipe conftest.c >&5
configure:3880: $? = 0
configure:3921: result: yes
configure:3938: checking for i686-w64-mingw32-gcc option to accept ISO C89
configure:4001: i686-w64-mingw32-gcc  -c -g -O2 -Werror -m32 -pipe conftest.c >&5
configure:4001: $? = 0
configure:4014: result: none needed
configure:4039: checking whether i686-w64-mingw32-gcc understands -c and -o together
configure:4061: i686-w64-mingw32-gcc -c conftest.c -o conftest2.o
configure:4064: $? = 0
configure:4061: i686-w64-mingw32-gcc -c conftest.c -o conftest2.o
configure:4064: $? = 0
configure:4076: result: yes
configure:4104: checking for style of include used by make
configure:4132: result: GNU
configure:4158: checking dependency style of i686-w64-mingw32-gcc
configure:4269: result: gcc3
configure:4284: checking for i686-w64-mingw32-gcc option to accept ISO C99
configure:4433: i686-w64-mingw32-gcc  -c -g -O2 -Werror -m32 -pipe conftest.c >&5
configure:4433: $? = 0
configure:4446: result: none needed
configure:4465: checking for i686-w64-mingw32-ranlib
configure:4481: found /usr/bin/i686-w64-mingw32-ranlib
configure:4492: result: i686-w64-mingw32-ranlib
configure:4663: checking pkg-config is at least version 0.23
configure:4666: result: yes
configure:4738: checking build system type
configure:4752: result: x86_64-pc-linux-gnu
configure:4772: checking host system type
configure:4785: result: i686-w64-mingw32
configure:4826: checking how to print strings
configure:4853: result: printf
configure:4874: checking for a sed that does not truncate output
configure:4938: result: /usr/bin/sed
configure:4956: checking for grep that handles long lines and -e
configure:5014: result: /usr/bin/grep
configure:5019: checking for egrep
configure:5081: result: /usr/bin/grep -E
configure:5086: checking for fgrep
configure:5148: result: /usr/bin/grep -F
configure:5183: checking for ld used by i686-w64-mingw32-gcc
configure:5250: result: /usr/bin/i686-w64-mingw32-ld
configure:5257: checking if the linker (/usr/bin/i686-w64-mingw32-ld) is GNU ld
configure:5272: result: yes
configure:5284: checking for BSD- or MS-compatible name lister (nm)
configure:5338: result: /usr/bin/i686-w64-mingw32-nm -B
configure:5468: checking the name lister (/usr/bin/i686-w64-mingw32-nm -B) interface
configure:5475: i686-w64-mingw32-gcc -c -g -O2 -Werror -m32 -pipe conftest.c >&5
configure:5478: /usr/bin/i686-w64-mingw32-nm -B "conftest.o"
configure:5481: output
00000000 b .bss
00000000 d .data
00000000 N .debug_abbrev
00000000 N .debug_aranges
00000000 N .debug_info
00000000 N .debug_line
00000000 r .rdata$zzz
00000000 t .text
00000000 B _some_variable
configure:5488: result: BSD nm
configure:5491: checking whether ln -s works
configure:5495: result: yes
configure:5503: checking the maximum length of command line arguments
configure:5634: result: 1572864
configure:5682: checking how to convert x86_64-pc-linux-gnu file names to i686-w64-mingw32 format
configure:5722: result: func_convert_file_nix_to_w32
configure:5729: checking how to convert x86_64-pc-linux-gnu file names to toolchain format
configure:5749: result: func_convert_file_noop
configure:5756: checking for /usr/bin/i686-w64-mingw32-ld option to reload object files
configure:5763: result: -r
configure:5797: checking for i686-w64-mingw32-objdump
configure:5813: found /usr/bin/i686-w64-mingw32-objdump
configure:5824: result: i686-w64-mingw32-objdump
configure:5896: checking how to recognize dependent libraries
configure:6096: result: file_magic ^x86 archive import|^x86 DLL
configure:6141: checking for i686-w64-mingw32-dlltool
configure:6157: found /usr/bin/i686-w64-mingw32-dlltool
configure:6168: result: i686-w64-mingw32-dlltool
configure:6241: checking how to associate runtime and link libraries
configure:6268: result: func_cygming_dll_for_implib
configure:6285: checking for i686-w64-mingw32-ar
configure:6301: found /usr/bin/i686-w64-mingw32-ar
configure:6312: result: i686-w64-mingw32-ar
configure:6393: checking for archiver @FILE support
configure:6410: i686-w64-mingw32-gcc -c -g -O2 -Werror -m32 -pipe conftest.c >&5
configure:6410: $? = 0
configure:6413: i686-w64-mingw32-ar cru libconftest.a @conftest.lst >&5
i686-w64-mingw32-ar: `u' modifier ignored since `D' is the default (see `U')
configure:6416: $? = 0
configure:6421: i686-w64-mingw32-ar cru libconftest.a @conftest.lst >&5
i686-w64-mingw32-ar: `u' modifier ignored since `D' is the default (see `U')
i686-w64-mingw32-ar: conftest.o: No such file or directory
configure:6424: $? = 1
configure:6436: result: @
configure:6454: checking for i686-w64-mingw32-strip
configure:6481: result: i686-w64-mingw32-strip
configure:6553: checking for i686-w64-mingw32-ranlib
configure:6580: result: i686-w64-mingw32-ranlib
configure:6722: checking command to parse /usr/bin/i686-w64-mingw32-nm -B output from i686-w64-mingw32-gcc object
configure:6875: i686-w64-mingw32-gcc -c -g -O2 -Werror -m32 -pipe conftest.c >&5
configure:6878: $? = 0
configure:6882: /usr/bin/i686-w64-mingw32-nm -B conftest.o \| sed -n -e 's/^.*[ ]\([ABCDGIRSTW][ABCDGIRSTW]*\)[ ][ ]*\([_A-Za-z][_A-Za-z0-9]*\)$/\1 \2 \2/p' | sed '/ __gnu_lto/d' \> conftest.nm
configure:6885: $? = 0
cannot find nm_test_var in conftest.nm
configure:6875: i686-w64-mingw32-gcc -c -g -O2 -Werror -m32 -pipe conftest.c >&5
configure:6878: $? = 0
configure:6882: /usr/bin/i686-w64-mingw32-nm -B conftest.o \| sed -n -e 's/^.*[ ]\([ABCDGIRSTW][ABCDGIRSTW]*\)[ ][ ]*_\([_A-Za-z][_A-Za-z0-9]*\)$/\1 _\2 \2/p' | sed '/ __gnu_lto/d' \> conftest.nm
configure:6885: $? = 0
configure:6951: i686-w64-mingw32-gcc -o conftest.exe -g -O2 -Werror -m32 -pipe  conftest.c conftstm.o >&5
configure:6954: $? = 0
configure:6992: result: ok
configure:7039: checking for sysroot
configure:7069: result: no
configure:7076: checking for a working dd
configure:7114: result: /usr/bin/dd
configure:7118: checking how to truncate binary pipes
configure:7133: result: /usr/bin/dd bs=4096 count=1
configure:7422: checking for i686-w64-mingw32-mt
configure:7452: result: no
configure:7462: checking for mt
configure:7492: result: no
configure:7512: checking if : is a manifest tool
configure:7518: : '-?'
configure:7526: result: no
configure:8203: checking how to run the C preprocessor
configure:8234: i686-w64-mingw32-gcc -E -Werror -m32 -pipe conftest.c
configure:8234: $? = 0
configure:8248: i686-w64-mingw32-gcc -E -Werror -m32 -pipe conftest.c
conftest.c:11:28: fatal error: ac_nonexistent.h: No such file or directory
 #include <ac_nonexistent.h>
                            ^
compilation terminated.
configure:8248: $? = 1
configure: failed program was:
| /* confdefs.h */
| #define PACKAGE_NAME "openocd"
| #define PACKAGE_TARNAME "openocd"
| #define PACKAGE_VERSION "0.10.0+dev"
| #define PACKAGE_STRING "openocd 0.10.0+dev"
| #define PACKAGE_BUGREPORT "OpenOCD Mailing List <openocd-devel@lists.sourceforge.net>"
| #define PACKAGE_URL ""
| #define PACKAGE "openocd"
| #define VERSION "0.10.0+dev"
| /* end confdefs.h.  */
| #include <ac_nonexistent.h>
configure:8273: result: i686-w64-mingw32-gcc -E
configure:8293: i686-w64-mingw32-gcc -E -Werror -m32 -pipe conftest.c
configure:8293: $? = 0
configure:8307: i686-w64-mingw32-gcc -E -Werror -m32 -pipe conftest.c
conftest.c:11:28: fatal error: ac_nonexistent.h: No such file or directory
 #include <ac_nonexistent.h>
                            ^
compilation terminated.
configure:8307: $? = 1
configure: failed program was:
| /* confdefs.h */
| #define PACKAGE_NAME "openocd"
| #define PACKAGE_TARNAME "openocd"
| #define PACKAGE_VERSION "0.10.0+dev"
| #define PACKAGE_STRING "openocd 0.10.0+dev"
| #define PACKAGE_BUGREPORT "OpenOCD Mailing List <openocd-devel@lists.sourceforge.net>"
| #define PACKAGE_URL ""
| #define PACKAGE "openocd"
| #define VERSION "0.10.0+dev"
| /* end confdefs.h.  */
| #include <ac_nonexistent.h>
configure:8336: checking for ANSI C header files
configure:8356: i686-w64-mingw32-gcc -c -g -O2 -Werror -m32 -pipe conftest.c >&5
configure:8356: $? = 0
configure:8440: result: yes
configure:8453: checking for sys/types.h
configure:8453: i686-w64-mingw32-gcc -c -g -O2 -Werror -m32 -pipe conftest.c >&5
configure:8453: $? = 0
configure:8453: result: yes
configure:8453: checking for sys/stat.h
configure:8453: i686-w64-mingw32-gcc -c -g -O2 -Werror -m32 -pipe conftest.c >&5
configure:8453: $? = 0
configure:8453: result: yes
configure:8453: checking for stdlib.h
configure:8453: i686-w64-mingw32-gcc -c -g -O2 -Werror -m32 -pipe conftest.c >&5
configure:8453: $? = 0
configure:8453: result: yes
configure:8453: checking for string.h
configure:8453: i686-w64-mingw32-gcc -c -g -O2 -Werror -m32 -pipe conftest.c >&5
configure:8453: $? = 0
configure:8453: result: yes
configure:8453: checking for memory.h
configure:8453: i686-w64-mingw32-gcc -c -g -O2 -Werror -m32 -pipe conftest.c >&5
configure:8453: $? = 0
configure:8453: result: yes
configure:8453: checking for strings.h
configure:8453: i686-w64-mingw32-gcc -c -g -O2 -Werror -m32 -pipe conftest.c >&5
configure:8453: $? = 0
configure:8453: result: yes
configure:8453: checking for inttypes.h
configure:8453: i686-w64-mingw32-gcc -c -g -O2 -Werror -m32 -pipe conftest.c >&5
configure:8453: $? = 0
configure:8453: result: yes
configure:8453: checking for stdint.h
configure:8453: i686-w64-mingw32-gcc -c -g -O2 -Werror -m32 -pipe conftest.c >&5
configure:8453: $? = 0
configure:8453: result: yes
configure:8453: checking for unistd.h
configure:8453: i686-w64-mingw32-gcc -c -g -O2 -Werror -m32 -pipe conftest.c >&5
configure:8453: $? = 0
configure:8453: result: yes
configure:8467: checking for dlfcn.h
configure:8467: i686-w64-mingw32-gcc -c -g -O2 -Werror -m32 -pipe conftest.c >&5
conftest.c:55:19: fatal error: dlfcn.h: No such file or directory
 #include <dlfcn.h>
                   ^
compilation terminated.
configure:8467: $? = 1
configure: failed program was:
| /* confdefs.h */
| #define PACKAGE_NAME "openocd"
| #define PACKAGE_TARNAME "openocd"
| #define PACKAGE_VERSION "0.10.0+dev"
| #define PACKAGE_STRING "openocd 0.10.0+dev"
| #define PACKAGE_BUGREPORT "OpenOCD Mailing List <openocd-devel@lists.sourceforge.net>"
| #define PACKAGE_URL ""
| #define PACKAGE "openocd"
| #define VERSION "0.10.0+dev"
| #define STDC_HEADERS 1
| #define HAVE_SYS_TYPES_H 1
| #define HAVE_SYS_STAT_H 1
| #define HAVE_STDLIB_H 1
| #define HAVE_STRING_H 1
| #define HAVE_MEMORY_H 1
| #define HAVE_STRINGS_H 1
| #define HAVE_INTTYPES_H 1
| #define HAVE_STDINT_H 1
| #define HAVE_UNISTD_H 1
| /* end confdefs.h.  */
| #include <stdio.h>
| #ifdef HAVE_SYS_TYPES_H
| # include <sys/types.h>
| #endif
| #ifdef HAVE_SYS_STAT_H
| # include <sys/stat.h>
| #endif
| #ifdef STDC_HEADERS
| # include <stdlib.h>
| # include <stddef.h>
| #else
| # ifdef HAVE_STDLIB_H
| #  include <stdlib.h>
| # endif
| #endif
| #ifdef HAVE_STRING_H
| # if !defined STDC_HEADERS && defined HAVE_MEMORY_H
| #  include <memory.h>
| # endif
| # include <string.h>
| #endif
| #ifdef HAVE_STRINGS_H
| # include <strings.h>
| #endif
| #ifdef HAVE_INTTYPES_H
| # include <inttypes.h>
| #endif
| #ifdef HAVE_STDINT_H
| # include <stdint.h>
| #endif
| #ifdef HAVE_UNISTD_H
| # include <unistd.h>
| #endif
| 
| #include <dlfcn.h>
configure:8467: result: no
configure:8693: checking for objdir
configure:8708: result: .libs
configure:8968: checking if i686-w64-mingw32-gcc supports -fno-rtti -fno-exceptions
configure:8986: i686-w64-mingw32-gcc -c -g -O2 -Werror -m32 -pipe -fno-rtti -fno-exceptions conftest.c >&5
cc1: error: command line option '-fno-rtti' is valid for C++/ObjC++ but not for C [-Werror]
cc1: all warnings being treated as errors
configure:8990: $? = 1
configure:9003: result: no
configure:9361: checking for i686-w64-mingw32-gcc option to produce PIC
configure:9368: result: -DDLL_EXPORT -DPIC
configure:9376: checking if i686-w64-mingw32-gcc PIC flag -DDLL_EXPORT -DPIC works
configure:9394: i686-w64-mingw32-gcc -c -g -O2 -Werror -m32 -pipe -DDLL_EXPORT -DPIC -DPIC conftest.c >&5
configure:9398: $? = 0
configure:9411: result: yes
configure:9440: checking if i686-w64-mingw32-gcc static flag -static works
configure:9468: result: yes
configure:9483: checking if i686-w64-mingw32-gcc supports -c -o file.o
configure:9504: i686-w64-mingw32-gcc -c -g -O2 -Werror -m32 -pipe -o out/conftest2.o conftest.c >&5
configure:9508: $? = 0
configure:9530: result: yes
configure:9538: checking if i686-w64-mingw32-gcc supports -c -o file.o
configure:9585: result: yes
configure:9618: checking whether the i686-w64-mingw32-gcc linker (/usr/bin/i686-w64-mingw32-ld) supports shared libraries
configure:10877: result: yes
configure:11117: checking dynamic linker characteristics
configure:11935: result: Win32 ld.exe
configure:12057: checking how to hardcode library paths into programs
configure:12082: result: immediate
configure:12630: checking whether stripping libraries is possible
configure:12635: result: yes
configure:12670: checking if libtool supports shared libraries
configure:12672: result: yes
configure:12675: checking whether to build shared libraries
configure:12700: result: no
configure:12703: checking whether to build static libraries
configure:12707: result: yes
configure:12746: checking for an ANSI C-conforming const
configure:12812: i686-w64-mingw32-gcc -c -g -O2 -Werror -m32 -pipe conftest.c >&5
configure:12812: $? = 0
configure:12819: result: yes
configure:12828: checking for unsigned long long int
configure:12876: result: yes
configure:12886: checking for long long int
configure:12936: result: yes
configure:12945: checking for library containing ioperm
configure:12976: i686-w64-mingw32-gcc -o conftest.exe -g -O2 -Werror -m32 -pipe  conftest.c  >&5
/tmp/ccy6WpiR.o: In function `main':
/tmp/build/win32/openocd/conftest.c:35: undefined reference to `ioperm'
collect2: error: ld returned 1 exit status
configure:12976: $? = 1
configure: failed program was:
| /* confdefs.h */
| #define PACKAGE_NAME "openocd"
| #define PACKAGE_TARNAME "openocd"
| #define PACKAGE_VERSION "0.10.0+dev"
| #define PACKAGE_STRING "openocd 0.10.0+dev"
| #define PACKAGE_BUGREPORT "OpenOCD Mailing List <openocd-devel@lists.sourceforge.net>"
| #define PACKAGE_URL ""
| #define PACKAGE "openocd"
| #define VERSION "0.10.0+dev"
| #define STDC_HEADERS 1
| #define HAVE_SYS_TYPES_H 1
| #define HAVE_SYS_STAT_H 1
| #define HAVE_STDLIB_H 1
| #define HAVE_STRING_H 1
| #define HAVE_MEMORY_H 1
| #define HAVE_STRINGS_H 1
| #define HAVE_INTTYPES_H 1
| #define HAVE_STDINT_H 1
| #define HAVE_UNISTD_H 1
| #define LT_OBJDIR ".libs/"
| #define HAVE_UNSIGNED_LONG_LONG_INT 1
| #define HAVE_LONG_LONG_INT 1
| /* end confdefs.h.  */
| 
| /* Override any GCC internal prototype to avoid an error.
|    Use char because int might match the return type of a GCC
|    builtin and then its argument prototype would still apply.  */
| #ifdef __cplusplus
| extern "C"
| #endif
| char ioperm ();
| int
| main ()
| {
| return ioperm ();
|   ;
|   return 0;
| }
configure:12976: i686-w64-mingw32-gcc -o conftest.exe -g -O2 -Werror -m32 -pipe  conftest.c -lioperm   >&5
/usr/bin/i686-w64-mingw32-ld: cannot find -lioperm
collect2: error: ld returned 1 exit status
configure:12976: $? = 1
configure: failed program was:
| /* confdefs.h */
| #define PACKAGE_NAME "openocd"
| #define PACKAGE_TARNAME "openocd"
| #define PACKAGE_VERSION "0.10.0+dev"
| #define PACKAGE_STRING "openocd 0.10.0+dev"
| #define PACKAGE_BUGREPORT "OpenOCD Mailing List <openocd-devel@lists.sourceforge.net>"
| #define PACKAGE_URL ""
| #define PACKAGE "openocd"
| #define VERSION "0.10.0+dev"
| #define STDC_HEADERS 1
| #define HAVE_SYS_TYPES_H 1
| #define HAVE_SYS_STAT_H 1
| #define HAVE_STDLIB_H 1
| #define HAVE_STRING_H 1
| #define HAVE_MEMORY_H 1
| #define HAVE_STRINGS_H 1
| #define HAVE_INTTYPES_H 1
| #define HAVE_STDINT_H 1
| #define HAVE_UNISTD_H 1
| #define LT_OBJDIR ".libs/"
| #define HAVE_UNSIGNED_LONG_LONG_INT 1
| #define HAVE_LONG_LONG_INT 1
| /* end confdefs.h.  */
| 
| /* Override any GCC internal prototype to avoid an error.
|    Use char because int might match the return type of a GCC
|    builtin and then its argument prototype would still apply.  */
| #ifdef __cplusplus
| extern "C"
| #endif
| char ioperm ();
| int
| main ()
| {
| return ioperm ();
|   ;
|   return 0;
| }
configure:12993: result: no
configure:13001: checking for library containing dlopen
configure:13032: i686-w64-mingw32-gcc -o conftest.exe -g -O2 -Werror -m32 -pipe  conftest.c  >&5
/tmp/cci9w4FX.o: In function `main':
/tmp/build/win32/openocd/conftest.c:35: undefined reference to `dlopen'
collect2: error: ld returned 1 exit status
configure:13032: $? = 1
configure: failed program was:
| /* confdefs.h */
| #define PACKAGE_NAME "openocd"
| #define PACKAGE_TARNAME "openocd"
| #define PACKAGE_VERSION "0.10.0+dev"
| #define PACKAGE_STRING "openocd 0.10.0+dev"
| #define PACKAGE_BUGREPORT "OpenOCD Mailing List <openocd-devel@lists.sourceforge.net>"
| #define PACKAGE_URL ""
| #define PACKAGE "openocd"
| #define VERSION "0.10.0+dev"
| #define STDC_HEADERS 1
| #define HAVE_SYS_TYPES_H 1
| #define HAVE_SYS_STAT_H 1
| #define HAVE_STDLIB_H 1
| #define HAVE_STRING_H 1
| #define HAVE_MEMORY_H 1
| #define HAVE_STRINGS_H 1
| #define HAVE_INTTYPES_H 1
| #define HAVE_STDINT_H 1
| #define HAVE_UNISTD_H 1
| #define LT_OBJDIR ".libs/"
| #define HAVE_UNSIGNED_LONG_LONG_INT 1
| #define HAVE_LONG_LONG_INT 1
| /* end confdefs.h.  */
| 
| /* Override any GCC internal prototype to avoid an error.
|    Use char because int might match the return type of a GCC
|    builtin and then its argument prototype would still apply.  */
| #ifdef __cplusplus
| extern "C"
| #endif
| char dlopen ();
| int
| main ()
| {
| return dlopen ();
|   ;
|   return 0;
| }
configure:13032: i686-w64-mingw32-gcc -o conftest.exe -g -O2 -Werror -m32 -pipe  conftest.c -ldl   >&5
/usr/bin/i686-w64-mingw32-ld: cannot find -ldl
collect2: error: ld returned 1 exit status
configure:13032: $? = 1
configure: failed program was:
| /* confdefs.h */
| #define PACKAGE_NAME "openocd"
| #define PACKAGE_TARNAME "openocd"
| #define PACKAGE_VERSION "0.10.0+dev"
| #define PACKAGE_STRING "openocd 0.10.0+dev"
| #define PACKAGE_BUGREPORT "OpenOCD Mailing List <openocd-devel@lists.sourceforge.net>"
| #define PACKAGE_URL ""
| #define PACKAGE "openocd"
| #define VERSION "0.10.0+dev"
| #define STDC_HEADERS 1
| #define HAVE_SYS_TYPES_H 1
| #define HAVE_SYS_STAT_H 1
| #define HAVE_STDLIB_H 1
| #define HAVE_STRING_H 1
| #define HAVE_MEMORY_H 1
| #define HAVE_STRINGS_H 1
| #define HAVE_INTTYPES_H 1
| #define HAVE_STDINT_H 1
| #define HAVE_UNISTD_H 1
| #define LT_OBJDIR ".libs/"
| #define HAVE_UNSIGNED_LONG_LONG_INT 1
| #define HAVE_LONG_LONG_INT 1
| /* end confdefs.h.  */
| 
| /* Override any GCC internal prototype to avoid an error.
|    Use char because int might match the return type of a GCC
|    builtin and then its argument prototype would still apply.  */
| #ifdef __cplusplus
| extern "C"
| #endif
| char dlopen ();
| int
| main ()
| {
| return dlopen ();
|   ;
|   return 0;
| }
configure:13049: result: no
configure:13060: checking sys/socket.h usability
configure:13060: i686-w64-mingw32-gcc -c -g -O2 -Werror -m32 -pipe conftest.c >&5
conftest.c:57:24: fatal error: sys/socket.h: No such file or directory
 #include <sys/socket.h>
                        ^
compilation terminated.
configure:13060: $? = 1
configure: failed program was:
| /* confdefs.h */
| #define PACKAGE_NAME "openocd"
| #define PACKAGE_TARNAME "openocd"
| #define PACKAGE_VERSION "0.10.0+dev"
| #define PACKAGE_STRING "openocd 0.10.0+dev"
| #define PACKAGE_BUGREPORT "OpenOCD Mailing List <openocd-devel@lists.sourceforge.net>"
| #define PACKAGE_URL ""
| #define PACKAGE "openocd"
| #define VERSION "0.10.0+dev"
| #define STDC_HEADERS 1
| #define HAVE_SYS_TYPES_H 1
| #define HAVE_SYS_STAT_H 1
| #define HAVE_STDLIB_H 1
| #define HAVE_STRING_H 1
| #define HAVE_MEMORY_H 1
| #define HAVE_STRINGS_H 1
| #define HAVE_INTTYPES_H 1
| #define HAVE_STDINT_H 1
| #define HAVE_UNISTD_H 1
| #define LT_OBJDIR ".libs/"
| #define HAVE_UNSIGNED_LONG_LONG_INT 1
| #define HAVE_LONG_LONG_INT 1
| /* end confdefs.h.  */
| #include <stdio.h>
| #ifdef HAVE_SYS_TYPES_H
| # include <sys/types.h>
| #endif
| #ifdef HAVE_SYS_STAT_H
| # include <sys/stat.h>
| #endif
| #ifdef STDC_HEADERS
| # include <stdlib.h>
| # include <stddef.h>
| #else
| # ifdef HAVE_STDLIB_H
| #  include <stdlib.h>
| # endif
| #endif
| #ifdef HAVE_STRING_H
| # if !defined STDC_HEADERS && defined HAVE_MEMORY_H
| #  include <memory.h>
| # endif
| # include <string.h>
| #endif
| #ifdef HAVE_STRINGS_H
| # include <strings.h>
| #endif
| #ifdef HAVE_INTTYPES_H
| # include <inttypes.h>
| #endif
| #ifdef HAVE_STDINT_H
| # include <stdint.h>
| #endif
| #ifdef HAVE_UNISTD_H
| # include <unistd.h>
| #endif
| #include <sys/socket.h>
configure:13060: result: no
configure:13060: checking sys/socket.h presence
configure:13060: i686-w64-mingw32-gcc -E -Werror -m32 -pipe conftest.c
conftest.c:24:24: fatal error: sys/socket.h: No such file or directory
 #include <sys/socket.h>
                        ^
compilation terminated.
configure:13060: $? = 1
configure: failed program was:
| /* confdefs.h */
| #define PACKAGE_NAME "openocd"
| #define PACKAGE_TARNAME "openocd"
| #define PACKAGE_VERSION "0.10.0+dev"
| #define PACKAGE_STRING "openocd 0.10.0+dev"
| #define PACKAGE_BUGREPORT "OpenOCD Mailing List <openocd-devel@lists.sourceforge.net>"
| #define PACKAGE_URL ""
| #define PACKAGE "openocd"
| #define VERSION "0.10.0+dev"
| #define STDC_HEADERS 1
| #define HAVE_SYS_TYPES_H 1
| #define HAVE_SYS_STAT_H 1
| #define HAVE_STDLIB_H 1
| #define HAVE_STRING_H 1
| #define HAVE_MEMORY_H 1
| #define HAVE_STRINGS_H 1
| #define HAVE_INTTYPES_H 1
| #define HAVE_STDINT_H 1
| #define HAVE_UNISTD_H 1
| #define LT_OBJDIR ".libs/"
| #define HAVE_UNSIGNED_LONG_LONG_INT 1
| #define HAVE_LONG_LONG_INT 1
| /* end confdefs.h.  */
| #include <sys/socket.h>
configure:13060: result: no
configure:13060: checking for sys/socket.h
configure:13060: result: no
configure:13072: checking elf.h usability
configure:13072: i686-w64-mingw32-gcc -c -g -O2 -Werror -m32 -pipe conftest.c >&5
conftest.c:57:17: fatal error: elf.h: No such file or directory
 #include <elf.h>
                 ^
compilation terminated.
configure:13072: $? = 1
configure: failed program was:
| /* confdefs.h */
| #define PACKAGE_NAME "openocd"
| #define PACKAGE_TARNAME "openocd"
| #define PACKAGE_VERSION "0.10.0+dev"
| #define PACKAGE_STRING "openocd 0.10.0+dev"
| #define PACKAGE_BUGREPORT "OpenOCD Mailing List <openocd-devel@lists.sourceforge.net>"
| #define PACKAGE_URL ""
| #define PACKAGE "openocd"
| #define VERSION "0.10.0+dev"
| #define STDC_HEADERS 1
| #define HAVE_SYS_TYPES_H 1
| #define HAVE_SYS_STAT_H 1
| #define HAVE_STDLIB_H 1
| #define HAVE_STRING_H 1
| #define HAVE_MEMORY_H 1
| #define HAVE_STRINGS_H 1
| #define HAVE_INTTYPES_H 1
| #define HAVE_STDINT_H 1
| #define HAVE_UNISTD_H 1
| #define LT_OBJDIR ".libs/"
| #define HAVE_UNSIGNED_LONG_LONG_INT 1
| #define HAVE_LONG_LONG_INT 1
| /* end confdefs.h.  */
| #include <stdio.h>
| #ifdef HAVE_SYS_TYPES_H
| # include <sys/types.h>
| #endif
| #ifdef HAVE_SYS_STAT_H
| # include <sys/stat.h>
| #endif
| #ifdef STDC_HEADERS
| # include <stdlib.h>
| # include <stddef.h>
| #else
| # ifdef HAVE_STDLIB_H
| #  include <stdlib.h>
| # endif
| #endif
| #ifdef HAVE_STRING_H
| # if !defined STDC_HEADERS && defined HAVE_MEMORY_H
| #  include <memory.h>
| # endif
| # include <string.h>
| #endif
| #ifdef HAVE_STRINGS_H
| # include <strings.h>
| #endif
| #ifdef HAVE_INTTYPES_H
| # include <inttypes.h>
| #endif
| #ifdef HAVE_STDINT_H
| # include <stdint.h>
| #endif
| #ifdef HAVE_UNISTD_H
| # include <unistd.h>
| #endif
| #include <elf.h>
configure:13072: result: no
configure:13072: checking elf.h presence
configure:13072: i686-w64-mingw32-gcc -E -Werror -m32 -pipe conftest.c
conftest.c:24:17: fatal error: elf.h: No such file or directory
 #include <elf.h>
                 ^
compilation terminated.
configure:13072: $? = 1
configure: failed program was:
| /* confdefs.h */
| #define PACKAGE_NAME "openocd"
| #define PACKAGE_TARNAME "openocd"
| #define PACKAGE_VERSION "0.10.0+dev"
| #define PACKAGE_STRING "openocd 0.10.0+dev"
| #define PACKAGE_BUGREPORT "OpenOCD Mailing List <openocd-devel@lists.sourceforge.net>"
| #define PACKAGE_URL ""
| #define PACKAGE "openocd"
| #define VERSION "0.10.0+dev"
| #define STDC_HEADERS 1
| #define HAVE_SYS_TYPES_H 1
| #define HAVE_SYS_STAT_H 1
| #define HAVE_STDLIB_H 1
| #define HAVE_STRING_H 1
| #define HAVE_MEMORY_H 1
| #define HAVE_STRINGS_H 1
| #define HAVE_INTTYPES_H 1
| #define HAVE_STDINT_H 1
| #define HAVE_UNISTD_H 1
| #define LT_OBJDIR ".libs/"
| #define HAVE_UNSIGNED_LONG_LONG_INT 1
| #define HAVE_LONG_LONG_INT 1
| /* end confdefs.h.  */
| #include <elf.h>
configure:13072: result: no
configure:13072: checking for elf.h
configure:13072: result: no
configure:13084: checking dirent.h usability
configure:13084: i686-w64-mingw32-gcc -c -g -O2 -Werror -m32 -pipe conftest.c >&5
configure:13084: $? = 0
configure:13084: result: yes
configure:13084: checking dirent.h presence
configure:13084: i686-w64-mingw32-gcc -E -Werror -m32 -pipe conftest.c
configure:13084: $? = 0
configure:13084: result: yes
configure:13084: checking for dirent.h
configure:13084: result: yes
configure:13096: checking fcntl.h usability
configure:13096: i686-w64-mingw32-gcc -c -g -O2 -Werror -m32 -pipe conftest.c >&5
configure:13096: $? = 0
configure:13096: result: yes
configure:13096: checking fcntl.h presence
configure:13096: i686-w64-mingw32-gcc -E -Werror -m32 -pipe conftest.c
configure:13096: $? = 0
configure:13096: result: yes
configure:13096: checking for fcntl.h
configure:13096: result: yes
configure:13108: checking malloc.h usability
configure:13108: i686-w64-mingw32-gcc -c -g -O2 -Werror -m32 -pipe conftest.c >&5
configure:13108: $? = 0
configure:13108: result: yes
configure:13108: checking malloc.h presence
configure:13108: i686-w64-mingw32-gcc -E -Werror -m32 -pipe conftest.c
configure:13108: $? = 0
configure:13108: result: yes
configure:13108: checking for malloc.h
configure:13108: result: yes
configure:13120: checking netdb.h usability
configure:13120: i686-w64-mingw32-gcc -c -g -O2 -Werror -m32 -pipe conftest.c >&5
conftest.c:60:19: fatal error: netdb.h: No such file or directory
 #include <netdb.h>
                   ^
compilation terminated.
configure:13120: $? = 1
configure: failed program was:
| /* confdefs.h */
| #define PACKAGE_NAME "openocd"
| #define PACKAGE_TARNAME "openocd"
| #define PACKAGE_VERSION "0.10.0+dev"
| #define PACKAGE_STRING "openocd 0.10.0+dev"
| #define PACKAGE_BUGREPORT "OpenOCD Mailing List <openocd-devel@lists.sourceforge.net>"
| #define PACKAGE_URL ""
| #define PACKAGE "openocd"
| #define VERSION "0.10.0+dev"
| #define STDC_HEADERS 1
| #define HAVE_SYS_TYPES_H 1
| #define HAVE_SYS_STAT_H 1
| #define HAVE_STDLIB_H 1
| #define HAVE_STRING_H 1
| #define HAVE_MEMORY_H 1
| #define HAVE_STRINGS_H 1
| #define HAVE_INTTYPES_H 1
| #define HAVE_STDINT_H 1
| #define HAVE_UNISTD_H 1
| #define LT_OBJDIR ".libs/"
| #define HAVE_UNSIGNED_LONG_LONG_INT 1
| #define HAVE_LONG_LONG_INT 1
| #define HAVE_DIRENT_H 1
| #define HAVE_FCNTL_H 1
| #define HAVE_MALLOC_H 1
| /* end confdefs.h.  */
| #include <stdio.h>
| #ifdef HAVE_SYS_TYPES_H
| # include <sys/types.h>
| #endif
| #ifdef HAVE_SYS_STAT_H
| # include <sys/stat.h>
| #endif
| #ifdef STDC_HEADERS
| # include <stdlib.h>
| # include <stddef.h>
| #else
| # ifdef HAVE_STDLIB_H
| #  include <stdlib.h>
| # endif
| #endif
| #ifdef HAVE_STRING_H
| # if !defined STDC_HEADERS && defined HAVE_MEMORY_H
| #  include <memory.h>
| # endif
| # include <string.h>
| #endif
| #ifdef HAVE_STRINGS_H
| # include <strings.h>
| #endif
| #ifdef HAVE_INTTYPES_H
| # include <inttypes.h>
| #endif
| #ifdef HAVE_STDINT_H
| # include <stdint.h>
| #endif
| #ifdef HAVE_UNISTD_H
| # include <unistd.h>
| #endif
| #include <netdb.h>
configure:13120: result: no
configure:13120: checking netdb.h presence
configure:13120: i686-w64-mingw32-gcc -E -Werror -m32 -pipe conftest.c
conftest.c:27:19: fatal error: netdb.h: No such file or directory
 #include <netdb.h>
                   ^
compilation terminated.
configure:13120: $? = 1
configure: failed program was:
| /* confdefs.h */
| #define PACKAGE_NAME "openocd"
| #define PACKAGE_TARNAME "openocd"
| #define PACKAGE_VERSION "0.10.0+dev"
| #define PACKAGE_STRING "openocd 0.10.0+dev"
| #define PACKAGE_BUGREPORT "OpenOCD Mailing List <openocd-devel@lists.sourceforge.net>"
| #define PACKAGE_URL ""
| #define PACKAGE "openocd"
| #define VERSION "0.10.0+dev"
| #define STDC_HEADERS 1
| #define HAVE_SYS_TYPES_H 1
| #define HAVE_SYS_STAT_H 1
| #define HAVE_STDLIB_H 1
| #define HAVE_STRING_H 1
| #define HAVE_MEMORY_H 1
| #define HAVE_STRINGS_H 1
| #define HAVE_INTTYPES_H 1
| #define HAVE_STDINT_H 1
| #define HAVE_UNISTD_H 1
| #define LT_OBJDIR ".libs/"
| #define HAVE_UNSIGNED_LONG_LONG_INT 1
| #define HAVE_LONG_LONG_INT 1
| #define HAVE_DIRENT_H 1
| #define HAVE_FCNTL_H 1
| #define HAVE_MALLOC_H 1
| /* end confdefs.h.  */
| #include <netdb.h>
configure:13120: result: no
configure:13120: checking for netdb.h
configure:13120: result: no
configure:13132: checking poll.h usability
configure:13132: i686-w64-mingw32-gcc -c -g -O2 -Werror -m32 -pipe conftest.c >&5
conftest.c:60:18: fatal error: poll.h: No such file or directory
 #include <poll.h>
                  ^
compilation terminated.
configure:13132: $? = 1
configure: failed program was:
| /* confdefs.h */
| #define PACKAGE_NAME "openocd"
| #define PACKAGE_TARNAME "openocd"
| #define PACKAGE_VERSION "0.10.0+dev"
| #define PACKAGE_STRING "openocd 0.10.0+dev"
| #define PACKAGE_BUGREPORT "OpenOCD Mailing List <openocd-devel@lists.sourceforge.net>"
| #define PACKAGE_URL ""
| #define PACKAGE "openocd"
| #define VERSION "0.10.0+dev"
| #define STDC_HEADERS 1
| #define HAVE_SYS_TYPES_H 1
| #define HAVE_SYS_STAT_H 1
| #define HAVE_STDLIB_H 1
| #define HAVE_STRING_H 1
| #define HAVE_MEMORY_H 1
| #define HAVE_STRINGS_H 1
| #define HAVE_INTTYPES_H 1
| #define HAVE_STDINT_H 1
| #define HAVE_UNISTD_H 1
| #define LT_OBJDIR ".libs/"
| #define HAVE_UNSIGNED_LONG_LONG_INT 1
| #define HAVE_LONG_LONG_INT 1
| #define HAVE_DIRENT_H 1
| #define HAVE_FCNTL_H 1
| #define HAVE_MALLOC_H 1
| /* end confdefs.h.  */
| #include <stdio.h>
| #ifdef HAVE_SYS_TYPES_H
| # include <sys/types.h>
| #endif
| #ifdef HAVE_SYS_STAT_H
| # include <sys/stat.h>
| #endif
| #ifdef STDC_HEADERS
| # include <stdlib.h>
| # include <stddef.h>
| #else
| # ifdef HAVE_STDLIB_H
| #  include <stdlib.h>
| # endif
| #endif
| #ifdef HAVE_STRING_H
| # if !defined STDC_HEADERS && defined HAVE_MEMORY_H
| #  include <memory.h>
| # endif
| # include <string.h>
| #endif
| #ifdef HAVE_STRINGS_H
| # include <strings.h>
| #endif
| #ifdef HAVE_INTTYPES_H
| # include <inttypes.h>
| #endif
| #ifdef HAVE_STDINT_H
| # include <stdint.h>
| #endif
| #ifdef HAVE_UNISTD_H
| # include <unistd.h>
| #endif
| #include <poll.h>
configure:13132: result: no
configure:13132: checking poll.h presence
configure:13132: i686-w64-mingw32-gcc -E -Werror -m32 -pipe conftest.c
conftest.c:27:18: fatal error: poll.h: No such file or directory
 #include <poll.h>
                  ^
compilation terminated.
configure:13132: $? = 1
configure: failed program was:
| /* confdefs.h */
| #define PACKAGE_NAME "openocd"
| #define PACKAGE_TARNAME "openocd"
| #define PACKAGE_VERSION "0.10.0+dev"
| #define PACKAGE_STRING "openocd 0.10.0+dev"
| #define PACKAGE_BUGREPORT "OpenOCD Mailing List <openocd-devel@lists.sourceforge.net>"
| #define PACKAGE_URL ""
| #define PACKAGE "openocd"
| #define VERSION "0.10.0+dev"
| #define STDC_HEADERS 1
| #define HAVE_SYS_TYPES_H 1
| #define HAVE_SYS_STAT_H 1
| #define HAVE_STDLIB_H 1
| #define HAVE_STRING_H 1
| #define HAVE_MEMORY_H 1
| #define HAVE_STRINGS_H 1
| #define HAVE_INTTYPES_H 1
| #define HAVE_STDINT_H 1
| #define HAVE_UNISTD_H 1
| #define LT_OBJDIR ".libs/"
| #define HAVE_UNSIGNED_LONG_LONG_INT 1
| #define HAVE_LONG_LONG_INT 1
| #define HAVE_DIRENT_H 1
| #define HAVE_FCNTL_H 1
| #define HAVE_MALLOC_H 1
| /* end confdefs.h.  */
| #include <poll.h>
configure:13132: result: no
configure:13132: checking for poll.h
configure:13132: result: no
configure:13144: checking pthread.h usability
configure:13144: i686-w64-mingw32-gcc -c -g -O2 -Werror -m32 -pipe conftest.c >&5
configure:13144: $? = 0
configure:13144: result: yes
configure:13144: checking pthread.h presence
configure:13144: i686-w64-mingw32-gcc -E -Werror -m32 -pipe conftest.c
configure:13144: $? = 0
configure:13144: result: yes
configure:13144: checking for pthread.h
configure:13144: result: yes
configure:13156: checking for strings.h
configure:13156: result: yes
configure:13168: checking sys/ioctl.h usability
configure:13168: i686-w64-mingw32-gcc -c -g -O2 -Werror -m32 -pipe conftest.c >&5
conftest.c:62:23: fatal error: sys/ioctl.h: No such file or directory
 #include <sys/ioctl.h>
                       ^
compilation terminated.
configure:13168: $? = 1
configure: failed program was:
| /* confdefs.h */
| #define PACKAGE_NAME "openocd"
| #define PACKAGE_TARNAME "openocd"
| #define PACKAGE_VERSION "0.10.0+dev"
| #define PACKAGE_STRING "openocd 0.10.0+dev"
| #define PACKAGE_BUGREPORT "OpenOCD Mailing List <openocd-devel@lists.sourceforge.net>"
| #define PACKAGE_URL ""
| #define PACKAGE "openocd"
| #define VERSION "0.10.0+dev"
| #define STDC_HEADERS 1
| #define HAVE_SYS_TYPES_H 1
| #define HAVE_SYS_STAT_H 1
| #define HAVE_STDLIB_H 1
| #define HAVE_STRING_H 1
| #define HAVE_MEMORY_H 1
| #define HAVE_STRINGS_H 1
| #define HAVE_INTTYPES_H 1
| #define HAVE_STDINT_H 1
| #define HAVE_UNISTD_H 1
| #define LT_OBJDIR ".libs/"
| #define HAVE_UNSIGNED_LONG_LONG_INT 1
| #define HAVE_LONG_LONG_INT 1
| #define HAVE_DIRENT_H 1
| #define HAVE_FCNTL_H 1
| #define HAVE_MALLOC_H 1
| #define HAVE_PTHREAD_H 1
| #define HAVE_STRINGS_H 1
| /* end confdefs.h.  */
| #include <stdio.h>
| #ifdef HAVE_SYS_TYPES_H
| # include <sys/types.h>
| #endif
| #ifdef HAVE_SYS_STAT_H
| # include <sys/stat.h>
| #endif
| #ifdef STDC_HEADERS
| # include <stdlib.h>
| # include <stddef.h>
| #else
| # ifdef HAVE_STDLIB_H
| #  include <stdlib.h>
| # endif
| #endif
| #ifdef HAVE_STRING_H
| # if !defined STDC_HEADERS && defined HAVE_MEMORY_H
| #  include <memory.h>
| # endif
| # include <string.h>
| #endif
| #ifdef HAVE_STRINGS_H
| # include <strings.h>
| #endif
| #ifdef HAVE_INTTYPES_H
| # include <inttypes.h>
| #endif
| #ifdef HAVE_STDINT_H
| # include <stdint.h>
| #endif
| #ifdef HAVE_UNISTD_H
| # include <unistd.h>
| #endif
| #include <sys/ioctl.h>
configure:13168: result: no
configure:13168: checking sys/ioctl.h presence
configure:13168: i686-w64-mingw32-gcc -E -Werror -m32 -pipe conftest.c
conftest.c:29:23: fatal error: sys/ioctl.h: No such file or directory
 #include <sys/ioctl.h>
                       ^
compilation terminated.
configure:13168: $? = 1
configure: failed program was:
| /* confdefs.h */
| #define PACKAGE_NAME "openocd"
| #define PACKAGE_TARNAME "openocd"
| #define PACKAGE_VERSION "0.10.0+dev"
| #define PACKAGE_STRING "openocd 0.10.0+dev"
| #define PACKAGE_BUGREPORT "OpenOCD Mailing List <openocd-devel@lists.sourceforge.net>"
| #define PACKAGE_URL ""
| #define PACKAGE "openocd"
| #define VERSION "0.10.0+dev"
| #define STDC_HEADERS 1
| #define HAVE_SYS_TYPES_H 1
| #define HAVE_SYS_STAT_H 1
| #define HAVE_STDLIB_H 1
| #define HAVE_STRING_H 1
| #define HAVE_MEMORY_H 1
| #define HAVE_STRINGS_H 1
| #define HAVE_INTTYPES_H 1
| #define HAVE_STDINT_H 1
| #define HAVE_UNISTD_H 1
| #define LT_OBJDIR ".libs/"
| #define HAVE_UNSIGNED_LONG_LONG_INT 1
| #define HAVE_LONG_LONG_INT 1
| #define HAVE_DIRENT_H 1
| #define HAVE_FCNTL_H 1
| #define HAVE_MALLOC_H 1
| #define HAVE_PTHREAD_H 1
| #define HAVE_STRINGS_H 1
| /* end confdefs.h.  */
| #include <sys/ioctl.h>
configure:13168: result: no
configure:13168: checking for sys/ioctl.h
configure:13168: result: no
configure:13180: checking sys/param.h usability
configure:13180: i686-w64-mingw32-gcc -c -g -O2 -Werror -m32 -pipe conftest.c >&5
configure:13180: $? = 0
configure:13180: result: yes
configure:13180: checking sys/param.h presence
configure:13180: i686-w64-mingw32-gcc -E -Werror -m32 -pipe conftest.c
configure:13180: $? = 0
configure:13180: result: yes
configure:13180: checking for sys/param.h
configure:13180: result: yes
configure:13192: checking sys/select.h usability
configure:13192: i686-w64-mingw32-gcc -c -g -O2 -Werror -m32 -pipe conftest.c >&5
conftest.c:63:24: fatal error: sys/select.h: No such file or directory
 #include <sys/select.h>
                        ^
compilation terminated.
configure:13192: $? = 1
configure: failed program was:
| /* confdefs.h */
| #define PACKAGE_NAME "openocd"
| #define PACKAGE_TARNAME "openocd"
| #define PACKAGE_VERSION "0.10.0+dev"
| #define PACKAGE_STRING "openocd 0.10.0+dev"
| #define PACKAGE_BUGREPORT "OpenOCD Mailing List <openocd-devel@lists.sourceforge.net>"
| #define PACKAGE_URL ""
| #define PACKAGE "openocd"
| #define VERSION "0.10.0+dev"
| #define STDC_HEADERS 1
| #define HAVE_SYS_TYPES_H 1
| #define HAVE_SYS_STAT_H 1
| #define HAVE_STDLIB_H 1
| #define HAVE_STRING_H 1
| #define HAVE_MEMORY_H 1
| #define HAVE_STRINGS_H 1
| #define HAVE_INTTYPES_H 1
| #define HAVE_STDINT_H 1
| #define HAVE_UNISTD_H 1
| #define LT_OBJDIR ".libs/"
| #define HAVE_UNSIGNED_LONG_LONG_INT 1
| #define HAVE_LONG_LONG_INT 1
| #define HAVE_DIRENT_H 1
| #define HAVE_FCNTL_H 1
| #define HAVE_MALLOC_H 1
| #define HAVE_PTHREAD_H 1
| #define HAVE_STRINGS_H 1
| #define HAVE_SYS_PARAM_H 1
| /* end confdefs.h.  */
| #include <stdio.h>
| #ifdef HAVE_SYS_TYPES_H
| # include <sys/types.h>
| #endif
| #ifdef HAVE_SYS_STAT_H
| # include <sys/stat.h>
| #endif
| #ifdef STDC_HEADERS
| # include <stdlib.h>
| # include <stddef.h>
| #else
| # ifdef HAVE_STDLIB_H
| #  include <stdlib.h>
| # endif
| #endif
| #ifdef HAVE_STRING_H
| # if !defined STDC_HEADERS && defined HAVE_MEMORY_H
| #  include <memory.h>
| # endif
| # include <string.h>
| #endif
| #ifdef HAVE_STRINGS_H
| # include <strings.h>
| #endif
| #ifdef HAVE_INTTYPES_H
| # include <inttypes.h>
| #endif
| #ifdef HAVE_STDINT_H
| # include <stdint.h>
| #endif
| #ifdef HAVE_UNISTD_H
| # include <unistd.h>
| #endif
| #include <sys/select.h>
configure:13192: result: no
configure:13192: checking sys/select.h presence
configure:13192: i686-w64-mingw32-gcc -E -Werror -m32 -pipe conftest.c
conftest.c:30:24: fatal error: sys/select.h: No such file or directory
 #include <sys/select.h>
                        ^
compilation terminated.
configure:13192: $? = 1
configure: failed program was:
| /* confdefs.h */
| #define PACKAGE_NAME "openocd"
| #define PACKAGE_TARNAME "openocd"
| #define PACKAGE_VERSION "0.10.0+dev"
| #define PACKAGE_STRING "openocd 0.10.0+dev"
| #define PACKAGE_BUGREPORT "OpenOCD Mailing List <openocd-devel@lists.sourceforge.net>"
| #define PACKAGE_URL ""
| #define PACKAGE "openocd"
| #define VERSION "0.10.0+dev"
| #define STDC_HEADERS 1
| #define HAVE_SYS_TYPES_H 1
| #define HAVE_SYS_STAT_H 1
| #define HAVE_STDLIB_H 1
| #define HAVE_STRING_H 1
| #define HAVE_MEMORY_H 1
| #define HAVE_STRINGS_H 1
| #define HAVE_INTTYPES_H 1
| #define HAVE_STDINT_H 1
| #define HAVE_UNISTD_H 1
| #define LT_OBJDIR ".libs/"
| #define HAVE_UNSIGNED_LONG_LONG_INT 1
| #define HAVE_LONG_LONG_INT 1
| #define HAVE_DIRENT_H 1
| #define HAVE_FCNTL_H 1
| #define HAVE_MALLOC_H 1
| #define HAVE_PTHREAD_H 1
| #define HAVE_STRINGS_H 1
| #define HAVE_SYS_PARAM_H 1
| /* end confdefs.h.  */
| #include <sys/select.h>
configure:13192: result: no
configure:13192: checking for sys/select.h
configure:13192: result: no
configure:13204: checking for sys/stat.h
configure:13204: result: yes
configure:13216: checking sys/sysctl.h usability
configure:13216: i686-w64-mingw32-gcc -c -g -O2 -Werror -m32 -pipe conftest.c >&5
conftest.c:64:24: fatal error: sys/sysctl.h: No such file or directory
 #include <sys/sysctl.h>
                        ^
compilation terminated.
configure:13216: $? = 1
configure: failed program was:
| /* confdefs.h */
| #define PACKAGE_NAME "openocd"
| #define PACKAGE_TARNAME "openocd"
| #define PACKAGE_VERSION "0.10.0+dev"
| #define PACKAGE_STRING "openocd 0.10.0+dev"
| #define PACKAGE_BUGREPORT "OpenOCD Mailing List <openocd-devel@lists.sourceforge.net>"
| #define PACKAGE_URL ""
| #define PACKAGE "openocd"
| #define VERSION "0.10.0+dev"
| #define STDC_HEADERS 1
| #define HAVE_SYS_TYPES_H 1
| #define HAVE_SYS_STAT_H 1
| #define HAVE_STDLIB_H 1
| #define HAVE_STRING_H 1
| #define HAVE_MEMORY_H 1
| #define HAVE_STRINGS_H 1
| #define HAVE_INTTYPES_H 1
| #define HAVE_STDINT_H 1
| #define HAVE_UNISTD_H 1
| #define LT_OBJDIR ".libs/"
| #define HAVE_UNSIGNED_LONG_LONG_INT 1
| #define HAVE_LONG_LONG_INT 1
| #define HAVE_DIRENT_H 1
| #define HAVE_FCNTL_H 1
| #define HAVE_MALLOC_H 1
| #define HAVE_PTHREAD_H 1
| #define HAVE_STRINGS_H 1
| #define HAVE_SYS_PARAM_H 1
| #define HAVE_SYS_STAT_H 1
| /* end confdefs.h.  */
| #include <stdio.h>
| #ifdef HAVE_SYS_TYPES_H
| # include <sys/types.h>
| #endif
| #ifdef HAVE_SYS_STAT_H
| # include <sys/stat.h>
| #endif
| #ifdef STDC_HEADERS
| # include <stdlib.h>
| # include <stddef.h>
| #else
| # ifdef HAVE_STDLIB_H
| #  include <stdlib.h>
| # endif
| #endif
| #ifdef HAVE_STRING_H
| # if !defined STDC_HEADERS && defined HAVE_MEMORY_H
| #  include <memory.h>
| # endif
| # include <string.h>
| #endif
| #ifdef HAVE_STRINGS_H
| # include <strings.h>
| #endif
| #ifdef HAVE_INTTYPES_H
| # include <inttypes.h>
| #endif
| #ifdef HAVE_STDINT_H
| # include <stdint.h>
| #endif
| #ifdef HAVE_UNISTD_H
| # include <unistd.h>
| #endif
| #include <sys/sysctl.h>
configure:13216: result: no
configure:13216: checking sys/sysctl.h presence
configure:13216: i686-w64-mingw32-gcc -E -Werror -m32 -pipe conftest.c
conftest.c:31:24: fatal error: sys/sysctl.h: No such file or directory
 #include <sys/sysctl.h>
                        ^
compilation terminated.
configure:13216: $? = 1
configure: failed program was:
| /* confdefs.h */
| #define PACKAGE_NAME "openocd"
| #define PACKAGE_TARNAME "openocd"
| #define PACKAGE_VERSION "0.10.0+dev"
| #define PACKAGE_STRING "openocd 0.10.0+dev"
| #define PACKAGE_BUGREPORT "OpenOCD Mailing List <openocd-devel@lists.sourceforge.net>"
| #define PACKAGE_URL ""
| #define PACKAGE "openocd"
| #define VERSION "0.10.0+dev"
| #define STDC_HEADERS 1
| #define HAVE_SYS_TYPES_H 1
| #define HAVE_SYS_STAT_H 1
| #define HAVE_STDLIB_H 1
| #define HAVE_STRING_H 1
| #define HAVE_MEMORY_H 1
| #define HAVE_STRINGS_H 1
| #define HAVE_INTTYPES_H 1
| #define HAVE_STDINT_H 1
| #define HAVE_UNISTD_H 1
| #define LT_OBJDIR ".libs/"
| #define HAVE_UNSIGNED_LONG_LONG_INT 1
| #define HAVE_LONG_LONG_INT 1
| #define HAVE_DIRENT_H 1
| #define HAVE_FCNTL_H 1
| #define HAVE_MALLOC_H 1
| #define HAVE_PTHREAD_H 1
| #define HAVE_STRINGS_H 1
| #define HAVE_SYS_PARAM_H 1
| #define HAVE_SYS_STAT_H 1
| /* end confdefs.h.  */
| #include <sys/sysctl.h>
configure:13216: result: no
configure:13216: checking for sys/sysctl.h
configure:13216: result: no
configure:13228: checking sys/time.h usability
configure:13228: i686-w64-mingw32-gcc -c -g -O2 -Werror -m32 -pipe conftest.c >&5
configure:13228: $? = 0
configure:13228: result: yes
configure:13228: checking sys/time.h presence
configure:13228: i686-w64-mingw32-gcc -E -Werror -m32 -pipe conftest.c
configure:13228: $? = 0
configure:13228: result: yes
configure:13228: checking for sys/time.h
configure:13228: result: yes
configure:13240: checking for sys/types.h
configure:13240: result: yes
configure:13252: checking for unistd.h
configure:13252: result: yes
configure:13265: checking for arpa/inet.h
configure:13265: i686-w64-mingw32-gcc -c -g -O2 -Werror -m32 -pipe conftest.c >&5
conftest.c:48:23: fatal error: arpa/inet.h: No such file or directory
 #include <arpa/inet.h>
                       ^
compilation terminated.
configure:13265: $? = 1
configure: failed program was:
| /* confdefs.h */
| #define PACKAGE_NAME "openocd"
| #define PACKAGE_TARNAME "openocd"
| #define PACKAGE_VERSION "0.10.0+dev"
| #define PACKAGE_STRING "openocd 0.10.0+dev"
| #define PACKAGE_BUGREPORT "OpenOCD Mailing List <openocd-devel@lists.sourceforge.net>"
| #define PACKAGE_URL ""
| #define PACKAGE "openocd"
| #define VERSION "0.10.0+dev"
| #define STDC_HEADERS 1
| #define HAVE_SYS_TYPES_H 1
| #define HAVE_SYS_STAT_H 1
| #define HAVE_STDLIB_H 1
| #define HAVE_STRING_H 1
| #define HAVE_MEMORY_H 1
| #define HAVE_STRINGS_H 1
| #define HAVE_INTTYPES_H 1
| #define HAVE_STDINT_H 1
| #define HAVE_UNISTD_H 1
| #define LT_OBJDIR ".libs/"
| #define HAVE_UNSIGNED_LONG_LONG_INT 1
| #define HAVE_LONG_LONG_INT 1
| #define HAVE_DIRENT_H 1
| #define HAVE_FCNTL_H 1
| #define HAVE_MALLOC_H 1
| #define HAVE_PTHREAD_H 1
| #define HAVE_STRINGS_H 1
| #define HAVE_SYS_PARAM_H 1
| #define HAVE_SYS_STAT_H 1
| #define HAVE_SYS_TIME_H 1
| #define HAVE_SYS_TYPES_H 1
| #define HAVE_UNISTD_H 1
| /* end confdefs.h.  */
| #include <stdio.h>
| #ifdef STDC_HEADERS
| # include <stdlib.h>
| # include <stddef.h>
| #else
| # ifdef HAVE_STDLIB_H
| #  include <stdlib.h>
| # endif
| #endif
| #ifdef HAVE_SYS_SOCKET_H
| # include <sys/socket.h>
| #endif
| 
| 
| #include <arpa/inet.h>
configure:13265: result: no
configure:13265: checking for ifaddrs.h
configure:13265: i686-w64-mingw32-gcc -c -g -O2 -Werror -m32 -pipe conftest.c >&5
conftest.c:48:21: fatal error: ifaddrs.h: No such file or directory
 #include <ifaddrs.h>
                     ^
compilation terminated.
configure:13265: $? = 1
configure: failed program was:
| /* confdefs.h */
| #define PACKAGE_NAME "openocd"
| #define PACKAGE_TARNAME "openocd"
| #define PACKAGE_VERSION "0.10.0+dev"
| #define PACKAGE_STRING "openocd 0.10.0+dev"
| #define PACKAGE_BUGREPORT "OpenOCD Mailing List <openocd-devel@lists.sourceforge.net>"
| #define PACKAGE_URL ""
| #define PACKAGE "openocd"
| #define VERSION "0.10.0+dev"
| #define STDC_HEADERS 1
| #define HAVE_SYS_TYPES_H 1
| #define HAVE_SYS_STAT_H 1
| #define HAVE_STDLIB_H 1
| #define HAVE_STRING_H 1
| #define HAVE_MEMORY_H 1
| #define HAVE_STRINGS_H 1
| #define HAVE_INTTYPES_H 1
| #define HAVE_STDINT_H 1
| #define HAVE_UNISTD_H 1
| #define LT_OBJDIR ".libs/"
| #define HAVE_UNSIGNED_LONG_LONG_INT 1
| #define HAVE_LONG_LONG_INT 1
| #define HAVE_DIRENT_H 1
| #define HAVE_FCNTL_H 1
| #define HAVE_MALLOC_H 1
| #define HAVE_PTHREAD_H 1
| #define HAVE_STRINGS_H 1
| #define HAVE_SYS_PARAM_H 1
| #define HAVE_SYS_STAT_H 1
| #define HAVE_SYS_TIME_H 1
| #define HAVE_SYS_TYPES_H 1
| #define HAVE_UNISTD_H 1
| /* end confdefs.h.  */
| #include <stdio.h>
| #ifdef STDC_HEADERS
| # include <stdlib.h>
| # include <stddef.h>
| #else
| # ifdef HAVE_STDLIB_H
| #  include <stdlib.h>
| # endif
| #endif
| #ifdef HAVE_SYS_SOCKET_H
| # include <sys/socket.h>
| #endif
| 
| 
| #include <ifaddrs.h>
configure:13265: result: no
configure:13265: checking for netinet/in.h
configure:13265: i686-w64-mingw32-gcc -c -g -O2 -Werror -m32 -pipe conftest.c >&5
conftest.c:48:24: fatal error: netinet/in.h: No such file or directory
 #include <netinet/in.h>
                        ^
compilation terminated.
configure:13265: $? = 1
configure: failed program was:
| /* confdefs.h */
| #define PACKAGE_NAME "openocd"
| #define PACKAGE_TARNAME "openocd"
| #define PACKAGE_VERSION "0.10.0+dev"
| #define PACKAGE_STRING "openocd 0.10.0+dev"
| #define PACKAGE_BUGREPORT "OpenOCD Mailing List <openocd-devel@lists.sourceforge.net>"
| #define PACKAGE_URL ""
| #define PACKAGE "openocd"
| #define VERSION "0.10.0+dev"
| #define STDC_HEADERS 1
| #define HAVE_SYS_TYPES_H 1
| #define HAVE_SYS_STAT_H 1
| #define HAVE_STDLIB_H 1
| #define HAVE_STRING_H 1
| #define HAVE_MEMORY_H 1
| #define HAVE_STRINGS_H 1
| #define HAVE_INTTYPES_H 1
| #define HAVE_STDINT_H 1
| #define HAVE_UNISTD_H 1
| #define LT_OBJDIR ".libs/"
| #define HAVE_UNSIGNED_LONG_LONG_INT 1
| #define HAVE_LONG_LONG_INT 1
| #define HAVE_DIRENT_H 1
| #define HAVE_FCNTL_H 1
| #define HAVE_MALLOC_H 1
| #define HAVE_PTHREAD_H 1
| #define HAVE_STRINGS_H 1
| #define HAVE_SYS_PARAM_H 1
| #define HAVE_SYS_STAT_H 1
| #define HAVE_SYS_TIME_H 1
| #define HAVE_SYS_TYPES_H 1
| #define HAVE_UNISTD_H 1
| /* end confdefs.h.  */
| #include <stdio.h>
| #ifdef STDC_HEADERS
| # include <stdlib.h>
| # include <stddef.h>
| #else
| # ifdef HAVE_STDLIB_H
| #  include <stdlib.h>
| # endif
| #endif
| #ifdef HAVE_SYS_SOCKET_H
| # include <sys/socket.h>
| #endif
| 
| 
| #include <netinet/in.h>
configure:13265: result: no
configure:13265: checking for netinet/tcp.h
configure:13265: i686-w64-mingw32-gcc -c -g -O2 -Werror -m32 -pipe conftest.c >&5
conftest.c:48:25: fatal error: netinet/tcp.h: No such file or directory
 #include <netinet/tcp.h>
                         ^
compilation terminated.
configure:13265: $? = 1
configure: failed program was:
| /* confdefs.h */
| #define PACKAGE_NAME "openocd"
| #define PACKAGE_TARNAME "openocd"
| #define PACKAGE_VERSION "0.10.0+dev"
| #define PACKAGE_STRING "openocd 0.10.0+dev"
| #define PACKAGE_BUGREPORT "OpenOCD Mailing List <openocd-devel@lists.sourceforge.net>"
| #define PACKAGE_URL ""
| #define PACKAGE "openocd"
| #define VERSION "0.10.0+dev"
| #define STDC_HEADERS 1
| #define HAVE_SYS_TYPES_H 1
| #define HAVE_SYS_STAT_H 1
| #define HAVE_STDLIB_H 1
| #define HAVE_STRING_H 1
| #define HAVE_MEMORY_H 1
| #define HAVE_STRINGS_H 1
| #define HAVE_INTTYPES_H 1
| #define HAVE_STDINT_H 1
| #define HAVE_UNISTD_H 1
| #define LT_OBJDIR ".libs/"
| #define HAVE_UNSIGNED_LONG_LONG_INT 1
| #define HAVE_LONG_LONG_INT 1
| #define HAVE_DIRENT_H 1
| #define HAVE_FCNTL_H 1
| #define HAVE_MALLOC_H 1
| #define HAVE_PTHREAD_H 1
| #define HAVE_STRINGS_H 1
| #define HAVE_SYS_PARAM_H 1
| #define HAVE_SYS_STAT_H 1
| #define HAVE_SYS_TIME_H 1
| #define HAVE_SYS_TYPES_H 1
| #define HAVE_UNISTD_H 1
| /* end confdefs.h.  */
| #include <stdio.h>
| #ifdef STDC_HEADERS
| # include <stdlib.h>
| # include <stddef.h>
| #else
| # ifdef HAVE_STDLIB_H
| #  include <stdlib.h>
| # endif
| #endif
| #ifdef HAVE_SYS_SOCKET_H
| # include <sys/socket.h>
| #endif
| 
| 
| #include <netinet/tcp.h>
configure:13265: result: no
configure:13265: checking for net/if.h
configure:13265: i686-w64-mingw32-gcc -c -g -O2 -Werror -m32 -pipe conftest.c >&5
conftest.c:48:20: fatal error: net/if.h: No such file or directory
 #include <net/if.h>
                    ^
compilation terminated.
configure:13265: $? = 1
configure: failed program was:
| /* confdefs.h */
| #define PACKAGE_NAME "openocd"
| #define PACKAGE_TARNAME "openocd"
| #define PACKAGE_VERSION "0.10.0+dev"
| #define PACKAGE_STRING "openocd 0.10.0+dev"
| #define PACKAGE_BUGREPORT "OpenOCD Mailing List <openocd-devel@lists.sourceforge.net>"
| #define PACKAGE_URL ""
| #define PACKAGE "openocd"
| #define VERSION "0.10.0+dev"
| #define STDC_HEADERS 1
| #define HAVE_SYS_TYPES_H 1
| #define HAVE_SYS_STAT_H 1
| #define HAVE_STDLIB_H 1
| #define HAVE_STRING_H 1
| #define HAVE_MEMORY_H 1
| #define HAVE_STRINGS_H 1
| #define HAVE_INTTYPES_H 1
| #define HAVE_STDINT_H 1
| #define HAVE_UNISTD_H 1
| #define LT_OBJDIR ".libs/"
| #define HAVE_UNSIGNED_LONG_LONG_INT 1
| #define HAVE_LONG_LONG_INT 1
| #define HAVE_DIRENT_H 1
| #define HAVE_FCNTL_H 1
| #define HAVE_MALLOC_H 1
| #define HAVE_PTHREAD_H 1
| #define HAVE_STRINGS_H 1
| #define HAVE_SYS_PARAM_H 1
| #define HAVE_SYS_STAT_H 1
| #define HAVE_SYS_TIME_H 1
| #define HAVE_SYS_TYPES_H 1
| #define HAVE_UNISTD_H 1
| /* end confdefs.h.  */
| #include <stdio.h>
| #ifdef STDC_HEADERS
| # include <stdlib.h>
| # include <stddef.h>
| #else
| # ifdef HAVE_STDLIB_H
| #  include <stdlib.h>
| # endif
| #endif
| #ifdef HAVE_SYS_SOCKET_H
| # include <sys/socket.h>
| #endif
| 
| 
| #include <net/if.h>
configure:13265: result: no
configure:13290: checking whether to enable assertions
configure:13308: result: yes
configure:13311: checking for stdbool.h that conforms to C99
configure:13378: i686-w64-mingw32-gcc -c -g -O2 -Werror -m32 -pipe conftest.c >&5
configure:13378: $? = 0
configure:13385: result: yes
configure:13387: checking for _Bool
configure:13387: i686-w64-mingw32-gcc -c -g -O2 -Werror -m32 -pipe conftest.c >&5
configure:13387: $? = 0
configure:13387: i686-w64-mingw32-gcc -c -g -O2 -Werror -m32 -pipe conftest.c >&5
conftest.c: In function 'main':
conftest.c:70:20: error: expected expression before ')' token
 if (sizeof ((_Bool)))
                    ^
configure:13387: $? = 1
configure: failed program was:
| /* confdefs.h */
| #define PACKAGE_NAME "openocd"
| #define PACKAGE_TARNAME "openocd"
| #define PACKAGE_VERSION "0.10.0+dev"
| #define PACKAGE_STRING "openocd 0.10.0+dev"
| #define PACKAGE_BUGREPORT "OpenOCD Mailing List <openocd-devel@lists.sourceforge.net>"
| #define PACKAGE_URL ""
| #define PACKAGE "openocd"
| #define VERSION "0.10.0+dev"
| #define STDC_HEADERS 1
| #define HAVE_SYS_TYPES_H 1
| #define HAVE_SYS_STAT_H 1
| #define HAVE_STDLIB_H 1
| #define HAVE_STRING_H 1
| #define HAVE_MEMORY_H 1
| #define HAVE_STRINGS_H 1
| #define HAVE_INTTYPES_H 1
| #define HAVE_STDINT_H 1
| #define HAVE_UNISTD_H 1
| #define LT_OBJDIR ".libs/"
| #define HAVE_UNSIGNED_LONG_LONG_INT 1
| #define HAVE_LONG_LONG_INT 1
| #define HAVE_DIRENT_H 1
| #define HAVE_FCNTL_H 1
| #define HAVE_MALLOC_H 1
| #define HAVE_PTHREAD_H 1
| #define HAVE_STRINGS_H 1
| #define HAVE_SYS_PARAM_H 1
| #define HAVE_SYS_STAT_H 1
| #define HAVE_SYS_TIME_H 1
| #define HAVE_SYS_TYPES_H 1
| #define HAVE_UNISTD_H 1
| /* end confdefs.h.  */
| #include <stdio.h>
| #ifdef HAVE_SYS_TYPES_H
| # include <sys/types.h>
| #endif
| #ifdef HAVE_SYS_STAT_H
| # include <sys/stat.h>
| #endif
| #ifdef STDC_HEADERS
| # include <stdlib.h>
| # include <stddef.h>
| #else
| # ifdef HAVE_STDLIB_H
| #  include <stdlib.h>
| # endif
| #endif
| #ifdef HAVE_STRING_H
| # if !defined STDC_HEADERS && defined HAVE_MEMORY_H
| #  include <memory.h>
| # endif
| # include <string.h>
| #endif
| #ifdef HAVE_STRINGS_H
| # include <strings.h>
| #endif
| #ifdef HAVE_INTTYPES_H
| # include <inttypes.h>
| #endif
| #ifdef HAVE_STDINT_H
| # include <stdint.h>
| #endif
| #ifdef HAVE_UNISTD_H
| # include <unistd.h>
| #endif
| int
| main ()
| {
| if (sizeof ((_Bool)))
| 	    return 0;
|   ;
|   return 0;
| }
configure:13387: result: yes
configure:13404: checking whether time.h and sys/time.h may both be included
configure:13424: i686-w64-mingw32-gcc -c -g -O2 -Werror -m32 -pipe conftest.c >&5
configure:13424: $? = 0
configure:13431: result: yes
configure:13440: checking whether byte ordering is bigendian
configure:13455: i686-w64-mingw32-gcc -c -g -O2 -Werror -m32 -pipe conftest.c >&5
conftest.c:38:9: error: unknown type name 'not'
         not a universal capable compiler
         ^~~
conftest.c:38:15: error: expected '=', ',', ';', 'asm' or '__attribute__' before 'universal'
         not a universal capable compiler
               ^~~~~~~~~
conftest.c:38:15: error: unknown type name 'universal'
configure:13455: $? = 1
configure: failed program was:
| /* confdefs.h */
| #define PACKAGE_NAME "openocd"
| #define PACKAGE_TARNAME "openocd"
| #define PACKAGE_VERSION "0.10.0+dev"
| #define PACKAGE_STRING "openocd 0.10.0+dev"
| #define PACKAGE_BUGREPORT "OpenOCD Mailing List <openocd-devel@lists.sourceforge.net>"
| #define PACKAGE_URL ""
| #define PACKAGE "openocd"
| #define VERSION "0.10.0+dev"
| #define STDC_HEADERS 1
| #define HAVE_SYS_TYPES_H 1
| #define HAVE_SYS_STAT_H 1
| #define HAVE_STDLIB_H 1
| #define HAVE_STRING_H 1
| #define HAVE_MEMORY_H 1
| #define HAVE_STRINGS_H 1
| #define HAVE_INTTYPES_H 1
| #define HAVE_STDINT_H 1
| #define HAVE_UNISTD_H 1
| #define LT_OBJDIR ".libs/"
| #define HAVE_UNSIGNED_LONG_LONG_INT 1
| #define HAVE_LONG_LONG_INT 1
| #define HAVE_DIRENT_H 1
| #define HAVE_FCNTL_H 1
| #define HAVE_MALLOC_H 1
| #define HAVE_PTHREAD_H 1
| #define HAVE_STRINGS_H 1
| #define HAVE_SYS_PARAM_H 1
| #define HAVE_SYS_STAT_H 1
| #define HAVE_SYS_TIME_H 1
| #define HAVE_SYS_TYPES_H 1
| #define HAVE_UNISTD_H 1
| #define HAVE__BOOL 1
| #define HAVE_STDBOOL_H 1
| #define TIME_WITH_SYS_TIME 1
| /* end confdefs.h.  */
| #ifndef __APPLE_CC__
| 	       not a universal capable compiler
| 	     #endif
| 	     typedef int dummy;
| 
configure:13500: i686-w64-mingw32-gcc -c -g -O2 -Werror -m32 -pipe conftest.c >&5
configure:13500: $? = 0
configure:13518: i686-w64-mingw32-gcc -c -g -O2 -Werror -m32 -pipe conftest.c >&5
conftest.c: In function 'main':
conftest.c:44:4: error: unknown type name 'not'
    not big endian
    ^~~
conftest.c:44:12: error: expected '=', ',', ';', 'asm' or '__attribute__' before 'endian'
    not big endian
            ^~~~~~
configure:13518: $? = 1
configure: failed program was:
| /* confdefs.h */
| #define PACKAGE_NAME "openocd"
| #define PACKAGE_TARNAME "openocd"
| #define PACKAGE_VERSION "0.10.0+dev"
| #define PACKAGE_STRING "openocd 0.10.0+dev"
| #define PACKAGE_BUGREPORT "OpenOCD Mailing List <openocd-devel@lists.sourceforge.net>"
| #define PACKAGE_URL ""
| #define PACKAGE "openocd"
| #define VERSION "0.10.0+dev"
| #define STDC_HEADERS 1
| #define HAVE_SYS_TYPES_H 1
| #define HAVE_SYS_STAT_H 1
| #define HAVE_STDLIB_H 1
| #define HAVE_STRING_H 1
| #define HAVE_MEMORY_H 1
| #define HAVE_STRINGS_H 1
| #define HAVE_INTTYPES_H 1
| #define HAVE_STDINT_H 1
| #define HAVE_UNISTD_H 1
| #define LT_OBJDIR ".libs/"
| #define HAVE_UNSIGNED_LONG_LONG_INT 1
| #define HAVE_LONG_LONG_INT 1
| #define HAVE_DIRENT_H 1
| #define HAVE_FCNTL_H 1
| #define HAVE_MALLOC_H 1
| #define HAVE_PTHREAD_H 1
| #define HAVE_STRINGS_H 1
| #define HAVE_SYS_PARAM_H 1
| #define HAVE_SYS_STAT_H 1
| #define HAVE_SYS_TIME_H 1
| #define HAVE_SYS_TYPES_H 1
| #define HAVE_UNISTD_H 1
| #define HAVE__BOOL 1
| #define HAVE_STDBOOL_H 1
| #define TIME_WITH_SYS_TIME 1
| /* end confdefs.h.  */
| #include <sys/types.h>
| 		#include <sys/param.h>
| 
| int
| main ()
| {
| #if BYTE_ORDER != BIG_ENDIAN
| 		 not big endian
| 		#endif
| 
|   ;
|   return 0;
| }
configure:13646: result: no
configure:13667: checking for strndup
configure:13667: i686-w64-mingw32-gcc -o conftest.exe -g -O2 -Werror -m32 -pipe  conftest.c  >&5
conftest.c:60:6: error: conflicting types for built-in function 'strndup' [-Werror]
 char strndup ();
      ^~~~~~~
cc1: all warnings being treated as errors
configure:13667: $? = 1
configure: failed program was:
| /* confdefs.h */
| #define PACKAGE_NAME "openocd"
| #define PACKAGE_TARNAME "openocd"
| #define PACKAGE_VERSION "0.10.0+dev"
| #define PACKAGE_STRING "openocd 0.10.0+dev"
| #define PACKAGE_BUGREPORT "OpenOCD Mailing List <openocd-devel@lists.sourceforge.net>"
| #define PACKAGE_URL ""
| #define PACKAGE "openocd"
| #define VERSION "0.10.0+dev"
| #define STDC_HEADERS 1
| #define HAVE_SYS_TYPES_H 1
| #define HAVE_SYS_STAT_H 1
| #define HAVE_STDLIB_H 1
| #define HAVE_STRING_H 1
| #define HAVE_MEMORY_H 1
| #define HAVE_STRINGS_H 1
| #define HAVE_INTTYPES_H 1
| #define HAVE_STDINT_H 1
| #define HAVE_UNISTD_H 1
| #define LT_OBJDIR ".libs/"
| #define HAVE_UNSIGNED_LONG_LONG_INT 1
| #define HAVE_LONG_LONG_INT 1
| #define HAVE_DIRENT_H 1
| #define HAVE_FCNTL_H 1
| #define HAVE_MALLOC_H 1
| #define HAVE_PTHREAD_H 1
| #define HAVE_STRINGS_H 1
| #define HAVE_SYS_PARAM_H 1
| #define HAVE_SYS_STAT_H 1
| #define HAVE_SYS_TIME_H 1
| #define HAVE_SYS_TYPES_H 1
| #define HAVE_UNISTD_H 1
| #define HAVE__BOOL 1
| #define HAVE_STDBOOL_H 1
| #define TIME_WITH_SYS_TIME 1
| /* end confdefs.h.  */
| /* Define strndup to an innocuous variant, in case <limits.h> declares strndup.
|    For example, HP-UX 11i <limits.h> declares gettimeofday.  */
| #define strndup innocuous_strndup
| 
| /* System header to define __stub macros and hopefully few prototypes,
|     which can conflict with char strndup (); below.
|     Prefer <limits.h> to <assert.h> if __STDC__ is defined, since
|     <limits.h> exists even on freestanding compilers.  */
| 
| #ifdef __STDC__
| # include <limits.h>
| #else
| # include <assert.h>
| #endif
| 
| #undef strndup
| 
| /* Override any GCC internal prototype to avoid an error.
|    Use char because int might match the return type of a GCC
|    builtin and then its argument prototype would still apply.  */
| #ifdef __cplusplus
| extern "C"
| #endif
| char strndup ();
| /* The GNU C library defines this for functions which it implements
|     to always fail with ENOSYS.  Some functions are actually named
|     something starting with __ and the normal name is an alias.  */
| #if defined __stub_strndup || defined __stub___strndup
| choke me
| #endif
| 
| int
| main ()
| {
| return strndup ();
|   ;
|   return 0;
| }
configure:13667: result: no
configure:13678: checking for strnlen
configure:13678: i686-w64-mingw32-gcc -o conftest.exe -g -O2 -Werror -m32 -pipe  conftest.c  >&5
configure:13678: $? = 0
configure:13678: result: yes
configure:13689: checking for gettimeofday
configure:13689: i686-w64-mingw32-gcc -o conftest.exe -g -O2 -Werror -m32 -pipe  conftest.c  >&5
configure:13689: $? = 0
configure:13689: result: yes
configure:13700: checking for usleep
configure:13700: i686-w64-mingw32-gcc -o conftest.exe -g -O2 -Werror -m32 -pipe  conftest.c  >&5
configure:13700: $? = 0
configure:13700: result: yes
configure:13711: checking for vasprintf
configure:13711: i686-w64-mingw32-gcc -o conftest.exe -g -O2 -Werror -m32 -pipe  conftest.c  >&5
configure:13711: $? = 0
configure:13711: result: yes
configure:13722: checking for realpath
configure:13722: i686-w64-mingw32-gcc -o conftest.exe -g -O2 -Werror -m32 -pipe  conftest.c  >&5
/tmp/ccYkah1Y.o: In function `main':
/tmp/build/win32/openocd/conftest.c:75: undefined reference to `realpath'
collect2: error: ld returned 1 exit status
configure:13722: $? = 1
configure: failed program was:
| /* confdefs.h */
| #define PACKAGE_NAME "openocd"
| #define PACKAGE_TARNAME "openocd"
| #define PACKAGE_VERSION "0.10.0+dev"
| #define PACKAGE_STRING "openocd 0.10.0+dev"
| #define PACKAGE_BUGREPORT "OpenOCD Mailing List <openocd-devel@lists.sourceforge.net>"
| #define PACKAGE_URL ""
| #define PACKAGE "openocd"
| #define VERSION "0.10.0+dev"
| #define STDC_HEADERS 1
| #define HAVE_SYS_TYPES_H 1
| #define HAVE_SYS_STAT_H 1
| #define HAVE_STDLIB_H 1
| #define HAVE_STRING_H 1
| #define HAVE_MEMORY_H 1
| #define HAVE_STRINGS_H 1
| #define HAVE_INTTYPES_H 1
| #define HAVE_STDINT_H 1
| #define HAVE_UNISTD_H 1
| #define LT_OBJDIR ".libs/"
| #define HAVE_UNSIGNED_LONG_LONG_INT 1
| #define HAVE_LONG_LONG_INT 1
| #define HAVE_DIRENT_H 1
| #define HAVE_FCNTL_H 1
| #define HAVE_MALLOC_H 1
| #define HAVE_PTHREAD_H 1
| #define HAVE_STRINGS_H 1
| #define HAVE_SYS_PARAM_H 1
| #define HAVE_SYS_STAT_H 1
| #define HAVE_SYS_TIME_H 1
| #define HAVE_SYS_TYPES_H 1
| #define HAVE_UNISTD_H 1
| #define HAVE__BOOL 1
| #define HAVE_STDBOOL_H 1
| #define TIME_WITH_SYS_TIME 1
| #define HAVE_STRNLEN 1
| #define HAVE_GETTIMEOFDAY 1
| #define HAVE_USLEEP 1
| #define HAVE_VASPRINTF 1
| /* end confdefs.h.  */
| /* Define realpath to an innocuous variant, in case <limits.h> declares realpath.
|    For example, HP-UX 11i <limits.h> declares gettimeofday.  */
| #define realpath innocuous_realpath
| 
| /* System header to define __stub macros and hopefully few prototypes,
|     which can conflict with char realpath (); below.
|     Prefer <limits.h> to <assert.h> if __STDC__ is defined, since
|     <limits.h> exists even on freestanding compilers.  */
| 
| #ifdef __STDC__
| # include <limits.h>
| #else
| # include <assert.h>
| #endif
| 
| #undef realpath
| 
| /* Override any GCC internal prototype to avoid an error.
|    Use char because int might match the return type of a GCC
|    builtin and then its argument prototype would still apply.  */
| #ifdef __cplusplus
| extern "C"
| #endif
| char realpath ();
| /* The GNU C library defines this for functions which it implements
|     to always fail with ENOSYS.  Some functions are actually named
|     something starting with __ and the normal name is an alias.  */
| #if defined __stub_realpath || defined __stub___realpath
| choke me
| #endif
| 
| int
| main ()
| {
| return realpath ();
|   ;
|   return 0;
| }
configure:13722: result: no
configure:13733: checking whether to build a release
configure:13744: result: no
configure:13780: checking whether to build Doxygen as HTML
configure:13782: result: yes
configure:13793: checking whether to build Doxygen as PDF
configure:13795: result: no
configure:13855: checking whether to enable verbose JTAG I/O messages
configure:13857: result: no
configure:13867: checking whether to enable verbose USB I/O messages
configure:13869: result: no
configure:13879: checking whether to enable verbose USB communication messages
configure:13881: result: no
configure:13898: checking whether to enable malloc free space logging
configure:13900: result: no
configure:14251: checking whether to enable ZY1000 minidriver
configure:14266: result: no
configure:14277: checking whether to enable dummy minidriver
configure:14295: result: no
configure:14298: checking whether standard drivers can be built
configure:14310: result: yes
configure:14804: checking for libusb-1.0
configure:14811: $PKG_CONFIG --exists --print-errors "libusb-1.0"
configure:14814: $? = 0
configure:14828: $PKG_CONFIG --exists --print-errors "libusb-1.0"
configure:14831: $? = 0
configure:14877: result: yes
configure:14885: $PKG_CONFIG --exists --print-errors "libusb-1.0 >= 1.0.9"
configure:14888: $? = 0
configure:14898: libusb-1.0 header bug workaround: LIBUSB1_CFLAGS changed to "-isystem /tmp/install/win32/include/libusb-1.0"
configure:14901: $PKG_CONFIG --exists --print-errors "libusb-1.0 >= 1.0.16"
configure:14904: $? = 0
configure:14915: checking for libusb
configure:14922: $PKG_CONFIG --exists --print-errors "libusb"
configure:14925: $? = 0
configure:14939: $PKG_CONFIG --exists --print-errors "libusb"
configure:14942: $? = 0
configure:14980: result: yes
configure:14988: checking for hidapi
configure:14995: $PKG_CONFIG --exists --print-errors "$hidapi_lib"
configure:14998: $? = 0
configure:15012: $PKG_CONFIG --exists --print-errors "$hidapi_lib"
configure:15015: $? = 0
configure:15057: result: yes
configure:15068: checking for libftdi1
configure:15075: $PKG_CONFIG --exists --print-errors "libftdi1"
configure:15078: $? = 0
configure:15092: $PKG_CONFIG --exists --print-errors "libftdi1"
configure:15095: $? = 0
configure:15277: result: yes
configure:15284: checking for libjaylink >= 0.1
configure:15291: $PKG_CONFIG --exists --print-errors "libjaylink >= 0.1"
Package libjaylink was not found in the pkg-config search path.
Perhaps you should add the directory containing `libjaylink.pc'
to the PKG_CONFIG_PATH environment variable
No package 'libjaylink' found
configure:15294: $? = 1
configure:15308: $PKG_CONFIG --exists --print-errors "libjaylink >= 0.1"
Package libjaylink was not found in the pkg-config search path.
Perhaps you should add the directory containing `libjaylink.pc'
to the PKG_CONFIG_PATH environment variable
No package 'libjaylink' found
configure:15311: $? = 1
configure:15325: result: no
No package 'libjaylink' found
configure:16356: checking for environ in unistd.h and stdlib.h
configure:16374: i686-w64-mingw32-gcc -c -g -O2 -Werror -m32 -pipe conftest.c >&5
configure:16374: $? = 0
configure:16376: result: yes
configure:16570: checking that generated files are newer than configure
configure:16576: result: done
configure:16816: creating ./config.status

## ---------------------- ##
## Running config.status. ##
## ---------------------- ##

This file was extended by openocd config.status 0.10.0+dev, which was
generated by GNU Autoconf 2.69.  Invocation command line was

  CONFIG_FILES    = 
  CONFIG_HEADERS  = 
  CONFIG_LINKS    = 
  CONFIG_COMMANDS = 
  $ ./config.status 

on docker

config.status:1288: creating Makefile
config.status:1288: creating config.h
config.status:1502: executing depfiles commands
config.status:1502: executing libtool commands
configure:19025: === configuring in jimtcl (/tmp/build/win32/openocd/jimtcl)
configure:19088: running /bin/bash /Host/Work/openocd/openocd.git/jimtcl/configure.gnu --disable-option-checking '--prefix=/tmp/install/win32/openocd'  '--build=x86_64-linux-gnu' '--host=i686-w64-mingw32' '--datarootdir=/tmp/install/win32' '--infodir=/tmp/install/win32/openocd/info' '--localedir=/tmp/install/win32/openocd/locale' '--mandir=/tmp/install/win32/openocd/man' '--docdir=/tmp/install/win32/openocd/doc' '--disable-wextra' '--disable-werror' '--enable-dependency-tracking' '--enable-branding=GNU MCU Eclipse' '--enable-aice' '--enable-amtjtagaccel' '--enable-armjtagew' '--enable-at91rm9200' '--enable-bcm2835gpio' '--disable-buspirate' '--enable-cmsis-dap' '--enable-dummy' '--enable-ep93xx' '--enable-ftdi' '--enable-gw16012' '--disable-ioutil' '--enable-jlink' '--enable-jtag_vpi' '--disable-minidriver-dummy' '--disable-oocd_trace' '--enable-opendous' '--enable-openjtag' '--enable-osbdm' '--enable-parport' '--disable-parport-ppdev' '--enable-parport-giveio' '--enable-presto' '--enable-remote-bitbang' '--enable-riscv' '--enable-rlink' '--enable-stlink' '--disable-sysfsgpio' '--enable-ti-icdi' '--enable-ulink' '--enable-usb_blaster' '--enable-usb-blaster-2' '--enable-usbprog' '--enable-vsllink' '--disable-zy1000-master' '--disable-zy1000' 'build_alias=x86_64-linux-gnu' 'host_alias=i686-w64-mingw32' 'CPPFLAGS=-Werror -m32 -pipe' 'PKG_CONFIG=/Host/Work/openocd/openocd-build.git/gnu-mcu-eclipse/scripts/cross-pkg-config' 'PKG_CONFIG_LIBDIR=/tmp/install/win32/lib/pkgconfig' --cache-file=/dev/null --srcdir=/Host/Work/openocd/openocd.git/jimtcl
configure:19025: === configuring in src/jtag/drivers/libjaylink (/tmp/build/win32/openocd/src/jtag/drivers/libjaylink)
configure:19088: running /bin/bash /Host/Work/openocd/openocd.git/src/jtag/drivers/libjaylink/configure.gnu --disable-option-checking '--prefix=/tmp/install/win32/openocd'  '--build=x86_64-linux-gnu' '--host=i686-w64-mingw32' '--datarootdir=/tmp/install/win32' '--infodir=/tmp/install/win32/openocd/info' '--localedir=/tmp/install/win32/openocd/locale' '--mandir=/tmp/install/win32/openocd/man' '--docdir=/tmp/install/win32/openocd/doc' '--disable-wextra' '--disable-werror' '--enable-dependency-tracking' '--enable-branding=GNU MCU Eclipse' '--enable-aice' '--enable-amtjtagaccel' '--enable-armjtagew' '--enable-at91rm9200' '--enable-bcm2835gpio' '--disable-buspirate' '--enable-cmsis-dap' '--enable-dummy' '--enable-ep93xx' '--enable-ftdi' '--enable-gw16012' '--disable-ioutil' '--enable-jlink' '--enable-jtag_vpi' '--disable-minidriver-dummy' '--disable-oocd_trace' '--enable-opendous' '--enable-openjtag' '--enable-osbdm' '--enable-parport' '--disable-parport-ppdev' '--enable-parport-giveio' '--enable-presto' '--enable-remote-bitbang' '--enable-riscv' '--enable-rlink' '--enable-stlink' '--disable-sysfsgpio' '--enable-ti-icdi' '--enable-ulink' '--enable-usb_blaster' '--enable-usb-blaster-2' '--enable-usbprog' '--enable-vsllink' '--disable-zy1000-master' '--disable-zy1000' 'build_alias=x86_64-linux-gnu' 'host_alias=i686-w64-mingw32' 'CPPFLAGS=-Werror -m32 -pipe' 'PKG_CONFIG=/Host/Work/openocd/openocd-build.git/gnu-mcu-eclipse/scripts/cross-pkg-config' 'PKG_CONFIG_LIBDIR=/tmp/install/win32/lib/pkgconfig' --cache-file=/dev/null --srcdir=/Host/Work/openocd/openocd.git/src/jtag/drivers/libjaylink

## ---------------- ##
## Cache variables. ##
## ---------------- ##

ac_cv_build=x86_64-pc-linux-gnu
ac_cv_c_bigendian=no
ac_cv_c_compiler_gnu=yes
ac_cv_c_const=yes
ac_cv_env_CC_set=
ac_cv_env_CC_value=
ac_cv_env_CFLAGS_set=
ac_cv_env_CFLAGS_value=
ac_cv_env_CPPFLAGS_set=set
ac_cv_env_CPPFLAGS_value='-Werror -m32 -pipe'
ac_cv_env_CPP_set=
ac_cv_env_CPP_value=
ac_cv_env_HIDAPI_CFLAGS_set=
ac_cv_env_HIDAPI_CFLAGS_value=
ac_cv_env_HIDAPI_LIBS_set=
ac_cv_env_HIDAPI_LIBS_value=
ac_cv_env_LDFLAGS_set=
ac_cv_env_LDFLAGS_value=
ac_cv_env_LIBFTDI_CFLAGS_set=
ac_cv_env_LIBFTDI_CFLAGS_value=
ac_cv_env_LIBFTDI_LIBS_set=
ac_cv_env_LIBFTDI_LIBS_value=
ac_cv_env_LIBJAYLINK_CFLAGS_set=
ac_cv_env_LIBJAYLINK_CFLAGS_value=
ac_cv_env_LIBJAYLINK_LIBS_set=
ac_cv_env_LIBJAYLINK_LIBS_value=
ac_cv_env_LIBS_set=
ac_cv_env_LIBS_value=
ac_cv_env_LIBUSB0_CFLAGS_set=
ac_cv_env_LIBUSB0_CFLAGS_value=
ac_cv_env_LIBUSB0_LIBS_set=
ac_cv_env_LIBUSB0_LIBS_value=
ac_cv_env_LIBUSB1_CFLAGS_set=
ac_cv_env_LIBUSB1_CFLAGS_value=
ac_cv_env_LIBUSB1_LIBS_set=
ac_cv_env_LIBUSB1_LIBS_value=
ac_cv_env_LT_SYS_LIBRARY_PATH_set=
ac_cv_env_LT_SYS_LIBRARY_PATH_value=
ac_cv_env_PKG_CONFIG_LIBDIR_set=set
ac_cv_env_PKG_CONFIG_LIBDIR_value=/tmp/install/win32/lib/pkgconfig
ac_cv_env_PKG_CONFIG_PATH_set=
ac_cv_env_PKG_CONFIG_PATH_value=
ac_cv_env_PKG_CONFIG_set=set
ac_cv_env_PKG_CONFIG_value=/Host/Work/openocd/openocd-build.git/gnu-mcu-eclipse/scripts/cross-pkg-config
ac_cv_env_build_alias_set=set
ac_cv_env_build_alias_value=x86_64-linux-gnu
ac_cv_env_host_alias_set=set
ac_cv_env_host_alias_value=i686-w64-mingw32
ac_cv_env_target_alias_set=
ac_cv_env_target_alias_value=
ac_cv_exeext=.exe
ac_cv_func_gettimeofday=yes
ac_cv_func_realpath=no
ac_cv_func_strndup=no
ac_cv_func_strnlen=yes
ac_cv_func_usleep=yes
ac_cv_func_vasprintf=yes
ac_cv_header_arpa_inet_h=no
ac_cv_header_dirent_h=yes
ac_cv_header_dlfcn_h=no
ac_cv_header_elf_h=no
ac_cv_header_fcntl_h=yes
ac_cv_header_ifaddrs_h=no
ac_cv_header_inttypes_h=yes
ac_cv_header_malloc_h=yes
ac_cv_header_memory_h=yes
ac_cv_header_net_if_h=no
ac_cv_header_netdb_h=no
ac_cv_header_netinet_in_h=no
ac_cv_header_netinet_tcp_h=no
ac_cv_header_poll_h=no
ac_cv_header_pthread_h=yes
ac_cv_header_stdbool_h=yes
ac_cv_header_stdc=yes
ac_cv_header_stdint_h=yes
ac_cv_header_stdlib_h=yes
ac_cv_header_string_h=yes
ac_cv_header_strings_h=yes
ac_cv_header_sys_ioctl_h=no
ac_cv_header_sys_param_h=yes
ac_cv_header_sys_select_h=no
ac_cv_header_sys_socket_h=no
ac_cv_header_sys_stat_h=yes
ac_cv_header_sys_sysctl_h=no
ac_cv_header_sys_time_h=yes
ac_cv_header_sys_types_h=yes
ac_cv_header_time=yes
ac_cv_header_unistd_h=yes
ac_cv_host=i686-w64-mingw32
ac_cv_objext=o
ac_cv_path_EGREP='/usr/bin/grep -E'
ac_cv_path_FGREP='/usr/bin/grep -F'
ac_cv_path_GREP=/usr/bin/grep
ac_cv_path_SED=/usr/bin/sed
ac_cv_path_install='/usr/bin/install -c'
ac_cv_path_lt_DD=/usr/bin/dd
ac_cv_path_mkdir=/usr/bin/mkdir
ac_cv_prog_AR=i686-w64-mingw32-ar
ac_cv_prog_AWK=mawk
ac_cv_prog_CC=i686-w64-mingw32-gcc
ac_cv_prog_CPP='i686-w64-mingw32-gcc -E'
ac_cv_prog_DLLTOOL=i686-w64-mingw32-dlltool
ac_cv_prog_MAKEINFO=makeinfo
ac_cv_prog_OBJDUMP=i686-w64-mingw32-objdump
ac_cv_prog_RANLIB=i686-w64-mingw32-ranlib
ac_cv_prog_STRIP=i686-w64-mingw32-strip
ac_cv_prog_cc_c89=
ac_cv_prog_cc_c99=
ac_cv_prog_cc_g=yes
ac_cv_prog_make_make_set=yes
ac_cv_search_dlopen=no
ac_cv_search_ioperm=no
ac_cv_type__Bool=yes
ac_cv_type_long_long_int=yes
ac_cv_type_unsigned_long_long_int=yes
am_cv_CC_dependencies_compiler_type=gcc3
am_cv_make_support_nested_variables=yes
am_cv_prog_cc_c_o=yes
lt_cv_ar_at_file=@
lt_cv_deplibs_check_method='file_magic ^x86 archive import|^x86 DLL'
lt_cv_file_magic_cmd=func_win32_libid
lt_cv_file_magic_test_file=
lt_cv_ld_reload_flag=-r
lt_cv_nm_interface='BSD nm'
lt_cv_objdir=.libs
lt_cv_path_LD=/usr/bin/i686-w64-mingw32-ld
lt_cv_path_NM='/usr/bin/i686-w64-mingw32-nm -B'
lt_cv_path_mainfest_tool=no
lt_cv_prog_compiler_c_o=yes
lt_cv_prog_compiler_pic='-DDLL_EXPORT -DPIC'
lt_cv_prog_compiler_pic_works=yes
lt_cv_prog_compiler_rtti_exceptions=no
lt_cv_prog_compiler_static_works=yes
lt_cv_prog_gnu_ld=yes
lt_cv_sharedlib_from_linklib_cmd=func_cygming_dll_for_implib
lt_cv_sys_global_symbol_pipe='sed -n -e '\''s/^.*[	 ]\([ABCDGIRSTW][ABCDGIRSTW]*\)[	 ][	 ]*_\([_A-Za-z][_A-Za-z0-9]*\)$/\1 _\2 \2/p'\'' | sed '\''/ __gnu_lto/d'\'''
lt_cv_sys_global_symbol_to_c_name_address='sed -n -e '\''s/^: \(.*\) .*$/  {"\1", (void *) 0},/p'\'' -e '\''s/^[ABCDGIRSTW][ABCDGIRSTW]* .* \(.*\)$/  {"\1", (void *) \&\1},/p'\'''
lt_cv_sys_global_symbol_to_c_name_address_lib_prefix='sed -n -e '\''s/^: \(.*\) .*$/  {"\1", (void *) 0},/p'\'' -e '\''s/^[ABCDGIRSTW][ABCDGIRSTW]* .* \(lib.*\)$/  {"\1", (void *) \&\1},/p'\'' -e '\''s/^[ABCDGIRSTW][ABCDGIRSTW]* .* \(.*\)$/  {"lib\1", (void *) \&\1},/p'\'''
lt_cv_sys_global_symbol_to_cdecl='sed -n -e '\''s/^T .* \(.*\)$/extern int \1();/p'\'' -e '\''s/^[ABCDGIRSTW][ABCDGIRSTW]* .* \(.*\)$/extern char \1;/p'\'''
lt_cv_sys_global_symbol_to_import=
lt_cv_sys_max_cmd_len=1572864
lt_cv_to_host_file_cmd=func_convert_file_nix_to_w32
lt_cv_to_tool_file_cmd=func_convert_file_noop
lt_cv_truncate_bin='/usr/bin/dd bs=4096 count=1'
pkg_cv_HIDAPI_CFLAGS=-I/tmp/install/win32/include/hidapi
pkg_cv_HIDAPI_LIBS='-L/tmp/install/win32/lib -lhid -lsetupapi'
pkg_cv_LIBFTDI_CFLAGS='-I/tmp/install/win32/include/libftdi1 -I/tmp/install/win32/include/libusb-1.0'
pkg_cv_LIBFTDI_LIBS='-L/tmp/install/win32/bin -L/tmp/install/win32/lib -lftdi1 -lusb-1.0'
pkg_cv_LIBUSB0_CFLAGS=-I/tmp/install/win32/include/libusb
pkg_cv_LIBUSB0_LIBS='-L/tmp/install/win32/lib -lusb'
pkg_cv_LIBUSB1_CFLAGS=-I/tmp/install/win32/include/libusb-1.0
pkg_cv_LIBUSB1_LIBS='-L/tmp/install/win32/lib -lusb-1.0'

## ----------------- ##
## Output variables. ##
## ----------------- ##

ACLOCAL='${SHELL} /Host/Work/openocd/openocd.git/missing aclocal-1.15'
AICE_FALSE='#'
AICE_TRUE=''
AMDEPBACKSLASH='\'
AMDEP_FALSE='#'
AMDEP_TRUE=''
AMTAR='$${TAR-tar}'
AMTJTAGACCEL_FALSE='#'
AMTJTAGACCEL_TRUE=''
AM_BACKSLASH='\'
AM_DEFAULT_V='$(AM_DEFAULT_VERBOSITY)'
AM_DEFAULT_VERBOSITY='1'
AM_V='$(V)'
AR='i686-w64-mingw32-ar'
ARMJTAGEW_FALSE='#'
ARMJTAGEW_TRUE=''
AT91RM9200_FALSE=''
AT91RM9200_TRUE='#'
AUTOCONF='${SHELL} /Host/Work/openocd/openocd.git/missing autoconf'
AUTOHEADER='${SHELL} /Host/Work/openocd/openocd.git/missing autoheader'
AUTOMAKE='${SHELL} /Host/Work/openocd/openocd.git/missing automake-1.15'
AWK='mawk'
BCM2835GPIO_FALSE=''
BCM2835GPIO_TRUE='#'
BITBANG_FALSE='#'
BITBANG_TRUE=''
BITQ_FALSE='#'
BITQ_TRUE=''
BUSPIRATE_FALSE=''
BUSPIRATE_TRUE='#'
CC='i686-w64-mingw32-gcc'
CCDEPMODE='depmode=gcc3'
CFLAGS='-g -O2'
CMSIS_DAP_FALSE='#'
CMSIS_DAP_TRUE=''
CPP='i686-w64-mingw32-gcc -E'
CPPFLAGS='-Werror -m32 -pipe'
CYGPATH_W='echo'
DEFS='-DHAVE_CONFIG_H'
DEPDIR='.deps'
DLLTOOL='i686-w64-mingw32-dlltool'
DSYMUTIL=''
DUMMY_FALSE='#'
DUMMY_TRUE=''
DUMPBIN=''
ECHO_C=''
ECHO_N='-n'
ECHO_T=''
EGREP='/usr/bin/grep -E'
EP93XX_FALSE=''
EP93XX_TRUE='#'
EXEEXT='.exe'
FGREP='/usr/bin/grep -F'
FTDI_FALSE='#'
FTDI_TRUE=''
GCC_WARNINGS='-Wall -Wstrict-prototypes -Wformat-security -Wshadow'
GIVEIO_FALSE='#'
GIVEIO_TRUE=''
GREP='/usr/bin/grep'
GW16012_FALSE='#'
GW16012_TRUE=''
HIDAPI_CFLAGS='-I/tmp/install/win32/include/hidapi'
HIDAPI_LIBS='-L/tmp/install/win32/lib -lhid -lsetupapi'
HLADAPTER_FALSE='#'
HLADAPTER_ICDI_FALSE='#'
HLADAPTER_ICDI_TRUE=''
HLADAPTER_STLINK_FALSE='#'
HLADAPTER_STLINK_TRUE=''
HLADAPTER_TRUE=''
HOST_CPPFLAGS='-D__USE_MINGW_ANSI_STDIO'
IMX_GPIO_FALSE=''
IMX_GPIO_TRUE='#'
INSTALL_DATA='${INSTALL} -m 644'
INSTALL_PROGRAM='${INSTALL}'
INSTALL_SCRIPT='${INSTALL}'
INSTALL_STRIP_PROGRAM='$(install_sh) -c -s'
INTERNAL_JIMTCL_FALSE='#'
INTERNAL_JIMTCL_TRUE=''
INTERNAL_LIBJAYLINK_FALSE='#'
INTERNAL_LIBJAYLINK_TRUE=''
IOUTIL_FALSE=''
IOUTIL_TRUE='#'
IS_CYGWIN_FALSE=''
IS_CYGWIN_TRUE='#'
IS_DARWIN_FALSE=''
IS_DARWIN_TRUE='#'
IS_MINGW_FALSE='#'
IS_MINGW_TRUE=''
IS_WIN32_FALSE='#'
IS_WIN32_TRUE=''
JLINK_FALSE='#'
JLINK_TRUE=''
JTAG_VPI_FALSE='#'
JTAG_VPI_TRUE=''
KITPROG_FALSE='#'
KITPROG_TRUE=''
LD='/usr/bin/i686-w64-mingw32-ld'
LDFLAGS=''
LIBFTDI_CFLAGS='-I/tmp/install/win32/include/libftdi1 -I/tmp/install/win32/include/libusb-1.0'
LIBFTDI_LIBS='-L/tmp/install/win32/bin -L/tmp/install/win32/lib -lftdi1 -lusb-1.0'
LIBJAYLINK_CFLAGS=''
LIBJAYLINK_LIBS=''
LIBOBJS=''
LIBS=''
LIBTOOL='$(SHELL) $(top_builddir)/libtool'
LIBTOOL_DEPS='/Host/Work/openocd/openocd.git/ltmain.sh'
LIBUSB0_CFLAGS='-I/tmp/install/win32/include/libusb'
LIBUSB0_LIBS='-L/tmp/install/win32/lib -lusb'
LIBUSB1_CFLAGS='-isystem /tmp/install/win32/include/libusb-1.0'
LIBUSB1_LIBS='-L/tmp/install/win32/lib -lusb-1.0'
LIPO=''
LN_S='ln -s'
LTLIBOBJS=''
LT_SYS_LIBRARY_PATH=''
MAKEINFO='makeinfo'
MANIFEST_TOOL=':'
MINIDRIVER_DUMMY_FALSE=''
MINIDRIVER_DUMMY_TRUE='#'
MINIDRIVER_FALSE=''
MINIDRIVER_TRUE='#'
MKDIR_P='/usr/bin/mkdir -p'
NM='/usr/bin/i686-w64-mingw32-nm -B'
NMEDIT=''
OBJDUMP='i686-w64-mingw32-objdump'
OBJEXT='o'
OOCD_TRACE_FALSE=''
OOCD_TRACE_TRUE='#'
OPENDOUS_FALSE='#'
OPENDOUS_TRUE=''
OPENJTAG_FALSE='#'
OPENJTAG_TRUE=''
OSBDM_FALSE='#'
OSBDM_TRUE=''
OTOOL64=''
OTOOL=''
PACKAGE='openocd'
PACKAGE_BUGREPORT='OpenOCD Mailing List <openocd-devel@lists.sourceforge.net>'
PACKAGE_NAME='openocd'
PACKAGE_STRING='openocd 0.10.0+dev'
PACKAGE_TARNAME='openocd'
PACKAGE_URL=''
PACKAGE_VERSION='0.10.0+dev'
PARPORT_FALSE='#'
PARPORT_TRUE=''
PATH_SEPARATOR=':'
PKG_CONFIG='/Host/Work/openocd/openocd-build.git/gnu-mcu-eclipse/scripts/cross-pkg-config'
PKG_CONFIG_LIBDIR='/tmp/install/win32/lib/pkgconfig'
PKG_CONFIG_PATH=''
PRESTO_FALSE='#'
PRESTO_TRUE=''
RANLIB='i686-w64-mingw32-ranlib'
RELEASE_FALSE=''
RELEASE_TRUE='#'
REMOTE_BITBANG_FALSE='#'
REMOTE_BITBANG_TRUE=''
RLINK_FALSE='#'
RLINK_TRUE=''
SED='/usr/bin/sed'
SET_MAKE=''
SHELL='/bin/bash'
STRIP='i686-w64-mingw32-strip'
SYSFSGPIO_FALSE=''
SYSFSGPIO_TRUE='#'
TARGET64_FALSE='#'
TARGET64_TRUE=''
ULINK_FALSE='#'
ULINK_TRUE=''
USBPROG_FALSE='#'
USBPROG_TRUE=''
USB_BLASTER_2_FALSE='#'
USB_BLASTER_2_TRUE=''
USB_BLASTER_DRIVER_FALSE='#'
USB_BLASTER_DRIVER_TRUE=''
USB_BLASTER_FALSE='#'
USB_BLASTER_TRUE=''
USE_HIDAPI_FALSE='#'
USE_HIDAPI_TRUE=''
USE_LIBFTDI_FALSE='#'
USE_LIBFTDI_TRUE=''
USE_LIBJAYLINK_FALSE=''
USE_LIBJAYLINK_TRUE='#'
USE_LIBUSB0_FALSE='#'
USE_LIBUSB0_TRUE=''
USE_LIBUSB1_FALSE='#'
USE_LIBUSB1_TRUE=''
VERSION='0.10.0+dev'
VSLLINK_FALSE='#'
VSLLINK_TRUE=''
ZY1000_FALSE=''
ZY1000_MASTER_FALSE=''
ZY1000_MASTER_TRUE='#'
ZY1000_TRUE='#'
ac_ct_AR=''
ac_ct_CC=''
ac_ct_DUMPBIN=''
am__EXEEXT_FALSE='#'
am__EXEEXT_TRUE=''
am__fastdepCC_FALSE='#'
am__fastdepCC_TRUE=''
am__include='include'
am__isrc=' -I$(srcdir)'
am__leading_dot='.'
am__nodep='_no'
am__quote=''
am__tar='$${TAR-tar} chof - "$$tardir"'
am__untar='$${TAR-tar} xf -'
bindir='${exec_prefix}/bin'
build='x86_64-pc-linux-gnu'
build_alias='x86_64-linux-gnu'
build_cpu='x86_64'
build_os='linux-gnu'
build_vendor='pc'
datadir='${datarootdir}'
datarootdir='/tmp/install/win32'
docdir='/tmp/install/win32/openocd/doc'
doxygen_as_html='yes'
doxygen_as_pdf='no'
dvidir='${docdir}'
exec_prefix='${prefix}'
host='i686-w64-mingw32'
host_alias='i686-w64-mingw32'
host_cpu='i686'
host_os='mingw32'
host_vendor='w64'
htmldir='${docdir}'
includedir='${prefix}/include'
infodir='/tmp/install/win32/openocd/info'
install_sh='${SHELL} /Host/Work/openocd/openocd.git/install-sh'
libdir='${exec_prefix}/lib'
libexecdir='${exec_prefix}/libexec'
localedir='/tmp/install/win32/openocd/locale'
localstatedir='${prefix}/var'
mandir='/tmp/install/win32/openocd/man'
mkdir_p='$(MKDIR_P)'
oldincludedir='/usr/include'
pdfdir='${docdir}'
prefix='/tmp/install/win32/openocd'
program_transform_name='s,x,x,'
psdir='${docdir}'
sbindir='${exec_prefix}/sbin'
sharedstatedir='${prefix}/com'
subdirs=' jimtcl src/jtag/drivers/libjaylink'
sysconfdir='${prefix}/etc'
target_alias=''

## ----------- ##
## confdefs.h. ##
## ----------- ##

/* confdefs.h */
#define PACKAGE_NAME "openocd"
#define PACKAGE_TARNAME "openocd"
#define PACKAGE_VERSION "0.10.0+dev"
#define PACKAGE_STRING "openocd 0.10.0+dev"
#define PACKAGE_BUGREPORT "OpenOCD Mailing List <openocd-devel@lists.sourceforge.net>"
#define PACKAGE_URL ""
#define PACKAGE "openocd"
#define VERSION "0.10.0+dev"
#define STDC_HEADERS 1
#define HAVE_SYS_TYPES_H 1
#define HAVE_SYS_STAT_H 1
#define HAVE_STDLIB_H 1
#define HAVE_STRING_H 1
#define HAVE_MEMORY_H 1
#define HAVE_STRINGS_H 1
#define HAVE_INTTYPES_H 1
#define HAVE_STDINT_H 1
#define HAVE_UNISTD_H 1
#define LT_OBJDIR ".libs/"
#define HAVE_UNSIGNED_LONG_LONG_INT 1
#define HAVE_LONG_LONG_INT 1
#define HAVE_DIRENT_H 1
#define HAVE_FCNTL_H 1
#define HAVE_MALLOC_H 1
#define HAVE_PTHREAD_H 1
#define HAVE_STRINGS_H 1
#define HAVE_SYS_PARAM_H 1
#define HAVE_SYS_STAT_H 1
#define HAVE_SYS_TIME_H 1
#define HAVE_SYS_TYPES_H 1
#define HAVE_UNISTD_H 1
#define HAVE__BOOL 1
#define HAVE_STDBOOL_H 1
#define TIME_WITH_SYS_TIME 1
#define HAVE_STRNLEN 1
#define HAVE_GETTIMEOFDAY 1
#define HAVE_USLEEP 1
#define HAVE_VASPRINTF 1
#define IS_CYGWIN 0
#define IS_MINGW 1
#define IS_WIN32 1
#define IS_DARWIN 0
#define BUILD_PARPORT 1
#define BUILD_DUMMY 1
#define BUILD_EP93XX 0
#define BUILD_ZY1000 0
#define BUILD_ZY1000_MASTER 0
#define BUILD_AT91RM9200 0
#define BUILD_BCM2835GPIO 0
#define BUILD_IMX_GPIO 0
#define PARPORT_USE_PPDEV 0
#define PARPORT_USE_GIVEIO 1
#define BUILD_JTAG_VPI 1
#define BUILD_AMTJTAGACCEL 1
#define BUILD_GW16012 1
#define BUILD_RISCV 1
#define BUILD_BRANDING "GNU MCU Eclipse"
#define BUILD_OOCD_TRACE 0
#define BUILD_BUSPIRATE 0
#define BUILD_REMOTE_BITBANG 1
#define BUILD_SYSFSGPIO 0
#define BUILD_TARGET64 1
#define HAVE_LIBUSB1 1
#define HAVE_LIBUSB_ERROR_NAME 1
#define HAVE_LIBUSB_GET_PORT_NUMBERS 1
#define BUILD_FTDI 1
#define BUILD_HLADAPTER_STLINK 1
#define BUILD_HLADAPTER_ICDI 1
#define BUILD_ULINK 1
#define BUILD_USB_BLASTER_2 1
#define BUILD_VSLLINK 1
#define BUILD_OSBDM 1
#define BUILD_OPENDOUS 1
#define BUILD_AICE 1
#define BUILD_USBPROG 1
#define BUILD_RLINK 1
#define BUILD_ARMJTAGEW 1
#define BUILD_CMSIS_DAP 1
#define BUILD_KITPROG 1
#define BUILD_USB_BLASTER 1
#define BUILD_PRESTO 1
#define BUILD_OPENJTAG 1
#define BUILD_JLINK 1
#define BUILD_HLADAPTER 1
#define _GNU_SOURCE 1

configure: exit 0
